
[33m[06-29 21:18:58 MainThread @visualdl.py:34][0m [5m[33mWRN[0m [VisualDL] logdir is None, will save VisualDL files to train_log/star2_train
View the data using: visualdl --logdir=./train_log/star2_train --host=192.168.0.100
[32m[06-29 21:18:58 MainThread @star2_train.py:201][0m Steps 66, Evaluate reward: -92.94622694489142
[32m[06-29 21:19:00 MainThread @machine_info.py:86][0m nvidia-smi -L found gpu count: 1
[32m[06-29 21:19:28 MainThread @star2_train.py:201][0m Steps 11353, Evaluate reward: -116.9421182197115
[32m[06-29 21:23:00 MainThread @star2_train.py:201][0m Steps 20827, Evaluate reward: -96.80310122041435
[32m[06-29 21:26:51 MainThread @star2_train.py:201][0m Steps 31198, Evaluate reward: -97.92516710729463
[32m[06-29 21:30:23 MainThread @star2_train.py:201][0m Steps 40582, Evaluate reward: -22.05314879456885
[32m[06-29 21:34:37 MainThread @star2_train.py:201][0m Steps 51927, Evaluate reward: -99.5965278527555
[32m[06-29 21:37:59 MainThread @star2_train.py:201][0m Steps 60626, Evaluate reward: -29.8211329463597
[32m[06-29 21:41:35 MainThread @star2_train.py:201][0m Steps 70032, Evaluate reward: -43.096222446268904
[32m[06-29 21:45:27 MainThread @star2_train.py:201][0m Steps 80450, Evaluate reward: -105.16857830028205
[32m[06-29 21:49:28 MainThread @star2_train.py:201][0m Steps 91347, Evaluate reward: -102.04426100705875
[32m[06-29 21:52:45 MainThread @star2_train.py:201][0m Steps 100021, Evaluate reward: -49.01652408187056
[32m[06-29 21:56:34 MainThread @star2_train.py:201][0m Steps 110316, Evaluate reward: -92.71646892091213
[32m[06-29 22:00:25 MainThread @star2_train.py:201][0m Steps 120689, Evaluate reward: -95.69581373873275
[32m[06-29 22:03:56 MainThread @star2_train.py:201][0m Steps 130085, Evaluate reward: -90.88692088143046
[32m[06-29 22:07:57 MainThread @star2_train.py:201][0m Steps 140587, Evaluate reward: -79.038719835721
[32m[06-29 22:11:47 MainThread @star2_train.py:201][0m Steps 150796, Evaluate reward: -91.92966394808353
[32m[06-29 22:15:57 MainThread @star2_train.py:201][0m Steps 161846, Evaluate reward: -91.99469730541111
[32m[06-29 22:19:35 MainThread @star2_train.py:201][0m Steps 171344, Evaluate reward: -67.60852504296865
[32m[06-29 22:23:17 MainThread @star2_train.py:201][0m Steps 180914, Evaluate reward: -91.01448536944358
[32m[06-29 22:27:18 MainThread @star2_train.py:201][0m Steps 191233, Evaluate reward: -47.413807875611475
[32m[06-29 22:30:57 MainThread @star2_train.py:201][0m Steps 200682, Evaluate reward: -88.65016177422204
[32m[06-29 22:34:57 MainThread @star2_train.py:201][0m Steps 210796, Evaluate reward: -84.6005119077515
[32m[06-29 22:39:17 MainThread @star2_train.py:201][0m Steps 221878, Evaluate reward: -36.3812865560854
[32m[06-29 22:43:08 MainThread @star2_train.py:201][0m Steps 231881, Evaluate reward: -94.92744707256509
[32m[06-29 22:46:19 MainThread @star2_train.py:201][0m Steps 240163, Evaluate reward: -89.3555426947726
[32m[06-29 22:50:19 MainThread @star2_train.py:201][0m Steps 250456, Evaluate reward: -90.18362111886246
[32m[06-29 22:54:06 MainThread @star2_train.py:201][0m Steps 260221, Evaluate reward: -90.17823361293753
[32m[06-29 22:58:03 MainThread @star2_train.py:201][0m Steps 270135, Evaluate reward: -91.1208140794534
[32m[06-29 23:01:55 MainThread @star2_train.py:201][0m Steps 280110, Evaluate reward: -87.84068805127498
[32m[06-29 23:05:41 MainThread @star2_train.py:201][0m Steps 290001, Evaluate reward: -90.34798320745068
[32m[06-29 23:09:34 MainThread @star2_train.py:201][0m Steps 300090, Evaluate reward: -91.23068052905457
[32m[06-29 23:13:22 MainThread @star2_train.py:201][0m Steps 310029, Evaluate reward: -87.69303731009555
[32m[06-29 23:17:18 MainThread @star2_train.py:201][0m Steps 320108, Evaluate reward: -84.50282226487738
[32m[06-29 23:21:10 MainThread @star2_train.py:201][0m Steps 330078, Evaluate reward: -86.93760186738498
[32m[06-29 23:25:01 MainThread @star2_train.py:201][0m Steps 340044, Evaluate reward: -87.69541361438412
[32m[06-29 23:29:03 MainThread @star2_train.py:201][0m Steps 350204, Evaluate reward: -85.26166897613261
[32m[06-29 23:32:53 MainThread @star2_train.py:201][0m Steps 360028, Evaluate reward: -77.93892323441308
[32m[06-29 23:36:39 MainThread @star2_train.py:201][0m Steps 370091, Evaluate reward: -85.99873450740574
[32m[06-29 23:40:41 MainThread @star2_train.py:201][0m Steps 380730, Evaluate reward: 4.24126632885551
[32m[06-29 23:44:49 MainThread @star2_train.py:201][0m Steps 391752, Evaluate reward: -85.62813346712454
[32m[06-29 23:47:59 MainThread @star2_train.py:201][0m Steps 400016, Evaluate reward: -89.65965935246574
[32m[06-29 23:51:46 MainThread @star2_train.py:201][0m Steps 410055, Evaluate reward: -19.061368083067862
[32m[06-29 23:55:36 MainThread @star2_train.py:201][0m Steps 420100, Evaluate reward: -26.849727874190272
[32m[06-29 23:59:27 MainThread @star2_train.py:201][0m Steps 430445, Evaluate reward: -36.31755281089875
[32m[06-30 00:03:41 MainThread @star2_train.py:201][0m Steps 441815, Evaluate reward: -15.543241507371675
[32m[06-30 00:06:49 MainThread @star2_train.py:201][0m Steps 450051, Evaluate reward: -24.29106819892015
[32m[06-30 00:10:40 MainThread @star2_train.py:201][0m Steps 460173, Evaluate reward: -19.326794489401202
[32m[06-30 00:14:32 MainThread @star2_train.py:201][0m Steps 470473, Evaluate reward: -34.651531911295436
[32m[06-30 00:18:11 MainThread @star2_train.py:201][0m Steps 480220, Evaluate reward: -59.22887755362663
[32m[06-30 00:21:54 MainThread @star2_train.py:201][0m Steps 490131, Evaluate reward: -74.63675662412695
[32m[06-30 00:25:45 MainThread @star2_train.py:201][0m Steps 500397, Evaluate reward: -77.11259188484476
[32m[06-30 00:29:24 MainThread @star2_train.py:201][0m Steps 510025, Evaluate reward: -78.07071342332551
[32m[06-30 00:33:13 MainThread @star2_train.py:201][0m Steps 520032, Evaluate reward: -76.05616671773546
[32m[06-30 00:37:07 MainThread @star2_train.py:201][0m Steps 530199, Evaluate reward: -63.23938335340161
[32m[06-30 00:40:56 MainThread @star2_train.py:201][0m Steps 540104, Evaluate reward: -53.07236319126807
[32m[06-30 00:44:43 MainThread @star2_train.py:201][0m Steps 550054, Evaluate reward: -49.06831974504298
[32m[06-30 00:48:30 MainThread @star2_train.py:201][0m Steps 560092, Evaluate reward: -85.53754565920627
[32m[06-30 00:52:20 MainThread @star2_train.py:201][0m Steps 570286, Evaluate reward: -45.41758667801439
[32m[06-30 00:56:04 MainThread @star2_train.py:201][0m Steps 580153, Evaluate reward: -108.9351407977494
[32m[06-30 00:59:51 MainThread @star2_train.py:201][0m Steps 590193, Evaluate reward: -91.21346247214034
[32m[06-30 01:03:40 MainThread @star2_train.py:201][0m Steps 600177, Evaluate reward: -0.573176764255644
[32m[06-30 01:07:28 MainThread @star2_train.py:201][0m Steps 610261, Evaluate reward: -86.53054714004477
[32m[06-30 01:11:12 MainThread @star2_train.py:201][0m Steps 620181, Evaluate reward: -29.13129195414558
[32m[06-30 01:15:00 MainThread @star2_train.py:201][0m Steps 630319, Evaluate reward: -71.16492148880195
[32m[06-30 01:18:37 MainThread @star2_train.py:201][0m Steps 640027, Evaluate reward: 3.742803151253213
[32m[06-30 01:22:20 MainThread @star2_train.py:201][0m Steps 650029, Evaluate reward: -77.82858293760054
[32m[06-30 01:26:07 MainThread @star2_train.py:201][0m Steps 660230, Evaluate reward: -68.9484441201364
[32m[06-30 01:29:45 MainThread @star2_train.py:201][0m Steps 670031, Evaluate reward: -44.98600086650784
[32m[06-30 01:33:41 MainThread @star2_train.py:201][0m Steps 680178, Evaluate reward: -7.000887344364915
[32m[06-30 01:37:25 MainThread @star2_train.py:201][0m Steps 690076, Evaluate reward: -65.16148447511378
[32m[06-30 01:41:22 MainThread @star2_train.py:201][0m Steps 700106, Evaluate reward: -71.05014587506466
[32m[06-30 01:45:17 MainThread @star2_train.py:201][0m Steps 710146, Evaluate reward: -30.950679825882858
[32m[06-30 01:49:38 MainThread @star2_train.py:201][0m Steps 721269, Evaluate reward: -69.88344007049993
[32m[06-30 01:53:10 MainThread @star2_train.py:201][0m Steps 730369, Evaluate reward: -79.14354671191063
[32m[06-30 01:56:59 MainThread @star2_train.py:201][0m Steps 740022, Evaluate reward: -53.87860598742681
[32m[06-30 02:00:52 MainThread @star2_train.py:201][0m Steps 750032, Evaluate reward: -75.69676351322535
[32m[06-30 02:04:43 MainThread @star2_train.py:201][0m Steps 760057, Evaluate reward: -39.37603712361445
[32m[06-30 02:08:33 MainThread @star2_train.py:201][0m Steps 770031, Evaluate reward: -63.56564803970002
[32m[06-30 02:12:28 MainThread @star2_train.py:201][0m Steps 780133, Evaluate reward: 4.311098244015994
[32m[06-30 02:16:36 MainThread @star2_train.py:201][0m Steps 790952, Evaluate reward: -71.18296617656694
[32m[06-30 02:20:09 MainThread @star2_train.py:201][0m Steps 800120, Evaluate reward: -32.18952194555895
[32m[06-30 02:24:02 MainThread @star2_train.py:201][0m Steps 810016, Evaluate reward: -85.89775408846242
[32m[06-30 02:27:59 MainThread @star2_train.py:201][0m Steps 820111, Evaluate reward: -47.464692038901056
[32m[06-30 02:31:57 MainThread @star2_train.py:201][0m Steps 830025, Evaluate reward: -73.1798895159291
[32m[06-30 02:35:55 MainThread @star2_train.py:201][0m Steps 840227, Evaluate reward: -76.87701765135336
[32m[06-30 02:39:45 MainThread @star2_train.py:201][0m Steps 850125, Evaluate reward: -85.56138944021592
[32m[06-30 02:43:37 MainThread @star2_train.py:201][0m Steps 860073, Evaluate reward: -17.601632837919183
[32m[06-30 02:47:38 MainThread @star2_train.py:201][0m Steps 870089, Evaluate reward: -71.07412802257575
[32m[06-30 02:51:39 MainThread @star2_train.py:201][0m Steps 880152, Evaluate reward: -3.5624995851100465
[32m[06-30 02:55:35 MainThread @star2_train.py:201][0m Steps 890112, Evaluate reward: -70.04326025593886
[32m[06-30 02:59:27 MainThread @star2_train.py:201][0m Steps 900108, Evaluate reward: 56.93080846854397
[32m[06-30 03:03:19 MainThread @star2_train.py:201][0m Steps 910144, Evaluate reward: -79.56750335058044
[32m[06-30 03:07:07 MainThread @star2_train.py:201][0m Steps 920030, Evaluate reward: -51.19912041231432
[32m[06-30 03:10:51 MainThread @star2_train.py:201][0m Steps 930077, Evaluate reward: -36.976181104413996
[32m[06-30 03:14:48 MainThread @star2_train.py:201][0m Steps 940762, Evaluate reward: -86.39439193207383
[32m[06-30 03:18:14 MainThread @star2_train.py:201][0m Steps 950015, Evaluate reward: -44.84325935828679
[32m[06-30 03:22:00 MainThread @star2_train.py:201][0m Steps 960131, Evaluate reward: -50.330837890361174
[32m[06-30 03:25:46 MainThread @star2_train.py:201][0m Steps 970266, Evaluate reward: -55.31476535880095
[32m[06-30 03:29:25 MainThread @star2_train.py:201][0m Steps 980126, Evaluate reward: -35.386098817482264
[32m[06-30 03:33:07 MainThread @star2_train.py:201][0m Steps 990083, Evaluate reward: -86.59175574011569
[32m[06-30 03:36:52 MainThread @star2_train.py:201][0m Steps 1000191, Evaluate reward: -21.371198372679686
[32m[06-30 03:40:31 MainThread @star2_train.py:201][0m Steps 1010034, Evaluate reward: -13.57442794151514
[32m[06-30 03:44:14 MainThread @star2_train.py:201][0m Steps 1020066, Evaluate reward: -84.58155155095491
[32m[06-30 03:48:01 MainThread @star2_train.py:201][0m Steps 1030116, Evaluate reward: 52.00198273583917
[32m[06-30 03:51:42 MainThread @star2_train.py:201][0m Steps 1040040, Evaluate reward: -82.93934810808409
[32m[06-30 03:55:28 MainThread @star2_train.py:201][0m Steps 1050187, Evaluate reward: -73.17079054792566
[32m[06-30 03:59:08 MainThread @star2_train.py:201][0m Steps 1060084, Evaluate reward: -86.04458612018242
[32m[06-30 04:02:55 MainThread @star2_train.py:201][0m Steps 1070276, Evaluate reward: -10.32770921261239
[32m[06-30 04:06:51 MainThread @star2_train.py:201][0m Steps 1080873, Evaluate reward: -42.464385431977384
[32m[06-30 04:10:17 MainThread @star2_train.py:201][0m Steps 1090002, Evaluate reward: -15.277647813680495
[32m[06-30 04:14:01 MainThread @star2_train.py:201][0m Steps 1100068, Evaluate reward: -78.75509630164302
[32m[06-30 04:17:48 MainThread @star2_train.py:201][0m Steps 1110141, Evaluate reward: 89.40255431238465
[32m[06-30 04:21:39 MainThread @star2_train.py:201][0m Steps 1120407, Evaluate reward: 23.851318379101446
[32m[06-30 04:25:15 MainThread @star2_train.py:201][0m Steps 1130118, Evaluate reward: -72.27148274884946
[32m[06-30 04:28:54 MainThread @star2_train.py:201][0m Steps 1140000, Evaluate reward: -83.48529812607667
[32m[06-30 04:32:37 MainThread @star2_train.py:201][0m Steps 1150009, Evaluate reward: -84.79380394450432
[32m[06-30 04:36:21 MainThread @star2_train.py:201][0m Steps 1160036, Evaluate reward: 13.288895028747348
[32m[06-30 04:40:09 MainThread @star2_train.py:201][0m Steps 1170300, Evaluate reward: -68.74500397763238
[32m[06-30 04:43:48 MainThread @star2_train.py:201][0m Steps 1180102, Evaluate reward: -50.29622914163415
[32m[06-30 04:47:31 MainThread @star2_train.py:201][0m Steps 1190130, Evaluate reward: -37.34754716496528
[32m[06-30 04:51:11 MainThread @star2_train.py:201][0m Steps 1200058, Evaluate reward: -72.66329467314583
[32m[06-30 04:54:56 MainThread @star2_train.py:201][0m Steps 1210161, Evaluate reward: -48.09391195800468
[32m[06-30 04:58:35 MainThread @star2_train.py:201][0m Steps 1220021, Evaluate reward: -43.345467532154316
[32m[06-30 05:02:42 MainThread @star2_train.py:201][0m Steps 1231059, Evaluate reward: 42.51219070037348
[32m[06-30 05:06:03 MainThread @star2_train.py:201][0m Steps 1240115, Evaluate reward: -55.66672992731093
[32m[06-30 05:09:44 MainThread @star2_train.py:201][0m Steps 1250039, Evaluate reward: -67.26615822342947
[32m[06-30 05:13:33 MainThread @star2_train.py:201][0m Steps 1260324, Evaluate reward: -25.44875354024815
[32m[06-30 05:17:09 MainThread @star2_train.py:201][0m Steps 1270026, Evaluate reward: -12.655160705288708
[32m[06-30 05:20:52 MainThread @star2_train.py:201][0m Steps 1280025, Evaluate reward: -35.517170922985116
[32m[06-30 05:24:40 MainThread @star2_train.py:201][0m Steps 1290297, Evaluate reward: -70.77053512574157
[32m[06-30 05:28:18 MainThread @star2_train.py:201][0m Steps 1300028, Evaluate reward: 148.70965587627086
[32m[06-30 05:32:08 MainThread @star2_train.py:201][0m Steps 1310194, Evaluate reward: 58.27974554084668
[32m[06-30 05:35:50 MainThread @star2_train.py:201][0m Steps 1320185, Evaluate reward: -85.07066107435598
[32m[06-30 05:39:31 MainThread @star2_train.py:201][0m Steps 1330120, Evaluate reward: -32.53926541087998
[32m[06-30 05:43:16 MainThread @star2_train.py:201][0m Steps 1340089, Evaluate reward: -2.675050224024573
[32m[06-30 05:47:00 MainThread @star2_train.py:201][0m Steps 1350163, Evaluate reward: -82.96357237397632
[32m[06-30 05:50:43 MainThread @star2_train.py:201][0m Steps 1360166, Evaluate reward: -16.57512221705973
[32m[06-30 05:54:25 MainThread @star2_train.py:201][0m Steps 1370094, Evaluate reward: -24.06994771108505
[32m[06-30 05:58:08 MainThread @star2_train.py:201][0m Steps 1380137, Evaluate reward: -60.76667671240299
[32m[06-30 06:01:48 MainThread @star2_train.py:201][0m Steps 1390006, Evaluate reward: -73.0723008342341
[32m[06-30 06:05:33 MainThread @star2_train.py:201][0m Steps 1400115, Evaluate reward: -85.56274050122035
[32m[06-30 06:09:18 MainThread @star2_train.py:201][0m Steps 1410075, Evaluate reward: 11.806312879663889
[32m[06-30 06:12:59 MainThread @star2_train.py:201][0m Steps 1420013, Evaluate reward: -30.49547072027289
[32m[06-30 06:16:48 MainThread @star2_train.py:201][0m Steps 1430265, Evaluate reward: -45.398500727261634
[32m[06-30 06:20:25 MainThread @star2_train.py:201][0m Steps 1440010, Evaluate reward: -85.19172069893823
[32m[06-30 06:24:09 MainThread @star2_train.py:201][0m Steps 1450065, Evaluate reward: -41.79540791646153
[32m[06-30 06:27:51 MainThread @star2_train.py:201][0m Steps 1460043, Evaluate reward: -30.757702559776476
[32m[06-30 06:31:38 MainThread @star2_train.py:201][0m Steps 1470171, Evaluate reward: -54.38575130617148
[32m[06-30 06:35:19 MainThread @star2_train.py:201][0m Steps 1480020, Evaluate reward: 13.42678650332033
[32m[06-30 06:39:11 MainThread @star2_train.py:201][0m Steps 1490397, Evaluate reward: 1.4904159849808991
[32m[06-30 06:42:50 MainThread @star2_train.py:201][0m Steps 1500176, Evaluate reward: -46.197071974398185
[32m[06-30 06:46:37 MainThread @star2_train.py:201][0m Steps 1510310, Evaluate reward: -43.216170817509905
[32m[06-30 06:50:20 MainThread @star2_train.py:201][0m Steps 1520297, Evaluate reward: -26.46639921653413
[32m[06-30 06:54:06 MainThread @star2_train.py:201][0m Steps 1530331, Evaluate reward: 55.261980593100645
[32m[06-30 06:57:42 MainThread @star2_train.py:201][0m Steps 1540015, Evaluate reward: -66.48561615409865
[32m[06-30 07:01:30 MainThread @star2_train.py:201][0m Steps 1550195, Evaluate reward: -80.7670397087962
[32m[06-30 07:05:12 MainThread @star2_train.py:201][0m Steps 1560125, Evaluate reward: -64.69704361453717
[32m[06-30 07:08:56 MainThread @star2_train.py:201][0m Steps 1570158, Evaluate reward: -9.6934255788251
[32m[06-30 07:12:39 MainThread @star2_train.py:201][0m Steps 1580133, Evaluate reward: -89.87566864014647
[32m[06-30 07:16:21 MainThread @star2_train.py:201][0m Steps 1590066, Evaluate reward: -67.61624539929926
[32m[06-30 07:20:08 MainThread @star2_train.py:201][0m Steps 1600239, Evaluate reward: -32.49127929768855
[32m[06-30 07:23:51 MainThread @star2_train.py:201][0m Steps 1610060, Evaluate reward: -14.062995545041662
[32m[06-30 07:27:34 MainThread @star2_train.py:201][0m Steps 1620050, Evaluate reward: -35.96418080499552
[32m[06-30 07:31:20 MainThread @star2_train.py:201][0m Steps 1630166, Evaluate reward: -52.57650465692453
[32m[06-30 07:35:03 MainThread @star2_train.py:201][0m Steps 1640098, Evaluate reward: -64.77034594282087
[32m[06-30 07:38:48 MainThread @star2_train.py:201][0m Steps 1650132, Evaluate reward: -55.48011912537002
[32m[06-30 07:42:36 MainThread @star2_train.py:201][0m Steps 1660169, Evaluate reward: 150.40559467675476
[32m[06-30 07:46:20 MainThread @star2_train.py:201][0m Steps 1670030, Evaluate reward: 188.666685381378
[32m[06-30 07:50:09 MainThread @star2_train.py:201][0m Steps 1680199, Evaluate reward: -64.78588667017675
[32m[06-30 07:53:58 MainThread @star2_train.py:201][0m Steps 1690190, Evaluate reward: 32.81345856432513
[32m[06-30 07:57:40 MainThread @star2_train.py:201][0m Steps 1700023, Evaluate reward: 44.91298085929563
[32m[06-30 08:01:27 MainThread @star2_train.py:201][0m Steps 1710111, Evaluate reward: -0.9362763052229042
[32m[06-30 08:05:15 MainThread @star2_train.py:201][0m Steps 1720204, Evaluate reward: -72.44894074322656
[32m[06-30 08:09:00 MainThread @star2_train.py:201][0m Steps 1730054, Evaluate reward: 30.651144803229734
[32m[06-30 08:12:51 MainThread @star2_train.py:201][0m Steps 1740230, Evaluate reward: 191.73846021975356
[32m[06-30 08:16:32 MainThread @star2_train.py:201][0m Steps 1750012, Evaluate reward: 53.44958740618725
[32m[06-30 08:20:29 MainThread @star2_train.py:201][0m Steps 1760400, Evaluate reward: -0.10279076700562825
[32m[06-30 08:24:10 MainThread @star2_train.py:201][0m Steps 1770348, Evaluate reward: -82.64325830956533
[32m[06-30 08:27:47 MainThread @star2_train.py:201][0m Steps 1780028, Evaluate reward: 59.03520214296583
[32m[06-30 08:31:39 MainThread @star2_train.py:201][0m Steps 1790365, Evaluate reward: 33.913680983999285
[32m[06-30 08:35:24 MainThread @star2_train.py:201][0m Steps 1800285, Evaluate reward: 116.87196630971286
[32m[06-30 08:39:03 MainThread @star2_train.py:201][0m Steps 1810002, Evaluate reward: -32.8584783386449
[32m[06-30 08:42:56 MainThread @star2_train.py:201][0m Steps 1820323, Evaluate reward: 40.175032989397295
[32m[06-30 08:46:58 MainThread @star2_train.py:201][0m Steps 1831059, Evaluate reward: -16.331308829979747
[32m[06-30 08:50:36 MainThread @star2_train.py:201][0m Steps 1840760, Evaluate reward: -83.23893559247503
[32m[06-30 08:54:05 MainThread @star2_train.py:201][0m Steps 1850037, Evaluate reward: 19.961358227635188
[32m[06-30 08:57:50 MainThread @star2_train.py:201][0m Steps 1860020, Evaluate reward: -85.10539545960849
[32m[06-30 09:01:44 MainThread @star2_train.py:201][0m Steps 1870384, Evaluate reward: -39.54169503007635
[32m[06-30 09:05:22 MainThread @star2_train.py:201][0m Steps 1880031, Evaluate reward: -11.015256347713645
[32m[06-30 09:09:10 MainThread @star2_train.py:201][0m Steps 1890152, Evaluate reward: -70.50555304386828
[32m[06-30 09:12:58 MainThread @star2_train.py:201][0m Steps 1900113, Evaluate reward: 21.933563779696
[32m[06-30 09:16:44 MainThread @star2_train.py:201][0m Steps 1910190, Evaluate reward: 16.031857118694106
[32m[06-30 09:20:35 MainThread @star2_train.py:201][0m Steps 1920405, Evaluate reward: 15.267332402426824
[32m[06-30 09:24:13 MainThread @star2_train.py:201][0m Steps 1930165, Evaluate reward: -67.12076107767925
[32m[06-30 09:27:58 MainThread @star2_train.py:201][0m Steps 1940208, Evaluate reward: 307.79125297388424
[32m[06-30 09:31:47 MainThread @star2_train.py:201][0m Steps 1950426, Evaluate reward: 3.3685060080827327
[32m[06-30 09:35:27 MainThread @star2_train.py:201][0m Steps 1960235, Evaluate reward: 7.529213621640054
[32m[06-30 09:39:14 MainThread @star2_train.py:201][0m Steps 1970364, Evaluate reward: 2.770656768913412
[32m[06-30 09:42:53 MainThread @star2_train.py:201][0m Steps 1980152, Evaluate reward: -42.2835659472404
[32m[06-30 09:46:34 MainThread @star2_train.py:201][0m Steps 1990048, Evaluate reward: -82.98838130131084
[32m[06-30 09:50:21 MainThread @star2_train.py:201][0m Steps 2000088, Evaluate reward: 20.71345960805456
[32m[06-30 09:54:07 MainThread @star2_train.py:201][0m Steps 2010183, Evaluate reward: -1.2972294422605017
[32m[06-30 09:57:52 MainThread @star2_train.py:201][0m Steps 2020218, Evaluate reward: -33.33067287016104
[32m[06-30 10:01:32 MainThread @star2_train.py:201][0m Steps 2030077, Evaluate reward: -54.9119409301599
[32m[06-30 10:05:14 MainThread @star2_train.py:201][0m Steps 2040027, Evaluate reward: -83.5148725775381
[32m[06-30 10:09:04 MainThread @star2_train.py:201][0m Steps 2050305, Evaluate reward: -27.367478214420615
[32m[06-30 10:12:47 MainThread @star2_train.py:201][0m Steps 2060258, Evaluate reward: -36.46128987249562
[32m[06-30 10:16:28 MainThread @star2_train.py:201][0m Steps 2070109, Evaluate reward: 58.975719480979905
[32m[06-30 10:20:15 MainThread @star2_train.py:201][0m Steps 2080119, Evaluate reward: 115.51908546031662
[32m[06-30 10:24:01 MainThread @star2_train.py:201][0m Steps 2090117, Evaluate reward: 256.99227115489674
[32m[06-30 10:27:43 MainThread @star2_train.py:201][0m Steps 2100050, Evaluate reward: -69.21283521950144
[32m[06-30 10:31:32 MainThread @star2_train.py:201][0m Steps 2110177, Evaluate reward: 24.052855354121803
[32m[06-30 10:35:18 MainThread @star2_train.py:201][0m Steps 2120089, Evaluate reward: 212.41652811895142
[32m[06-30 10:39:14 MainThread @star2_train.py:201][0m Steps 2130371, Evaluate reward: 95.7492601546733
[32m[06-30 10:43:03 MainThread @star2_train.py:201][0m Steps 2140052, Evaluate reward: 299.3236093870777
[32m[06-30 10:47:05 MainThread @star2_train.py:201][0m Steps 2150225, Evaluate reward: -48.322141428056774
[32m[06-30 10:51:01 MainThread @star2_train.py:201][0m Steps 2160095, Evaluate reward: 299.2897649593278
[32m[06-30 10:55:01 MainThread @star2_train.py:201][0m Steps 2170163, Evaluate reward: 78.63948566991382
[32m[06-30 10:58:59 MainThread @star2_train.py:201][0m Steps 2180221, Evaluate reward: -74.3227977503454
[32m[06-30 11:02:57 MainThread @star2_train.py:201][0m Steps 2190279, Evaluate reward: -65.50331678957502
[32m[06-30 11:06:56 MainThread @star2_train.py:201][0m Steps 2200222, Evaluate reward: 38.647185144565384
[32m[06-30 11:10:56 MainThread @star2_train.py:201][0m Steps 2210104, Evaluate reward: 38.460590822211095
[32m[06-30 11:14:57 MainThread @star2_train.py:201][0m Steps 2220458, Evaluate reward: 188.63432713542915
[32m[06-30 11:18:37 MainThread @star2_train.py:201][0m Steps 2230097, Evaluate reward: 2.7002595176014665
[32m[06-30 11:22:23 MainThread @star2_train.py:201][0m Steps 2240023, Evaluate reward: 42.910039610508846
[32m[06-30 11:26:14 MainThread @star2_train.py:201][0m Steps 2250033, Evaluate reward: 58.62824007752218
[32m[06-30 11:30:10 MainThread @star2_train.py:201][0m Steps 2260236, Evaluate reward: 14.371036177958246
[32m[06-30 11:33:53 MainThread @star2_train.py:201][0m Steps 2270048, Evaluate reward: -24.577677600882097
[32m[06-30 11:37:48 MainThread @star2_train.py:201][0m Steps 2280307, Evaluate reward: -67.08714512274872
[32m[06-30 11:41:30 MainThread @star2_train.py:201][0m Steps 2290023, Evaluate reward: 19.350841695178985
[32m[06-30 11:45:24 MainThread @star2_train.py:201][0m Steps 2300280, Evaluate reward: -73.5972454507771
[32m[06-30 11:49:10 MainThread @star2_train.py:201][0m Steps 2310206, Evaluate reward: 39.24965245503154
[32m[06-30 11:53:02 MainThread @star2_train.py:201][0m Steps 2320012, Evaluate reward: 64.95923525522272
[32m[06-30 11:57:03 MainThread @star2_train.py:201][0m Steps 2330101, Evaluate reward: -74.43696320466007
[32m[06-30 12:01:18 MainThread @star2_train.py:201][0m Steps 2340228, Evaluate reward: 121.2528194361359
[32m[06-30 12:05:29 MainThread @star2_train.py:201][0m Steps 2350438, Evaluate reward: -1.1645387055469314
[32m[06-30 12:09:15 MainThread @star2_train.py:201][0m Steps 2360430, Evaluate reward: -30.641370499720608
[32m[06-30 12:12:55 MainThread @star2_train.py:201][0m Steps 2370217, Evaluate reward: 8.614768679493807
[32m[06-30 12:16:37 MainThread @star2_train.py:201][0m Steps 2380061, Evaluate reward: 42.85385826225448
[32m[06-30 12:20:33 MainThread @star2_train.py:201][0m Steps 2390461, Evaluate reward: -65.30671110613878
[32m[06-30 12:24:12 MainThread @star2_train.py:201][0m Steps 2400218, Evaluate reward: -25.56289799594566
[32m[06-30 12:28:00 MainThread @star2_train.py:201][0m Steps 2410377, Evaluate reward: -83.82337172505491
[32m[06-30 12:31:49 MainThread @star2_train.py:201][0m Steps 2420525, Evaluate reward: -63.544018911900174
[32m[06-30 12:35:26 MainThread @star2_train.py:201][0m Steps 2430116, Evaluate reward: 80.94633960440498
[32m[06-30 12:39:26 MainThread @star2_train.py:201][0m Steps 2440656, Evaluate reward: 299.436345904923
[32m[06-30 12:42:59 MainThread @star2_train.py:201][0m Steps 2450072, Evaluate reward: -47.05935977803255
[32m[06-30 12:46:48 MainThread @star2_train.py:201][0m Steps 2460162, Evaluate reward: -0.6284448773804598
[32m[06-30 12:50:31 MainThread @star2_train.py:201][0m Steps 2470000, Evaluate reward: -23.089523715036634
[32m[06-30 12:54:19 MainThread @star2_train.py:201][0m Steps 2480158, Evaluate reward: -49.79465377139517
[32m[06-30 12:58:15 MainThread @star2_train.py:201][0m Steps 2490590, Evaluate reward: 311.5446939649939
[32m[06-30 13:01:53 MainThread @star2_train.py:201][0m Steps 2500257, Evaluate reward: -82.85783985306935
[32m[06-30 13:05:40 MainThread @star2_train.py:201][0m Steps 2510287, Evaluate reward: -65.0095022576657
[32m[06-30 13:09:21 MainThread @star2_train.py:201][0m Steps 2520056, Evaluate reward: -55.245399463519746
[32m[06-30 13:13:15 MainThread @star2_train.py:201][0m Steps 2530414, Evaluate reward: -74.64041610213852
[32m[06-30 13:16:56 MainThread @star2_train.py:201][0m Steps 2540142, Evaluate reward: 31.43365195310082
[32m[06-30 13:20:42 MainThread @star2_train.py:201][0m Steps 2550169, Evaluate reward: -39.97014755438618
[32m[06-30 13:24:33 MainThread @star2_train.py:201][0m Steps 2560286, Evaluate reward: 301.457928470452
[32m[06-30 13:28:16 MainThread @star2_train.py:201][0m Steps 2570105, Evaluate reward: 153.00913992223062
[32m[06-30 13:32:05 MainThread @star2_train.py:201][0m Steps 2580224, Evaluate reward: -84.5053603047668
[32m[06-30 13:35:50 MainThread @star2_train.py:201][0m Steps 2590108, Evaluate reward: 138.9914039539926
[32m[06-30 13:39:37 MainThread @star2_train.py:201][0m Steps 2600136, Evaluate reward: -46.29579127079528
[32m[06-30 13:43:32 MainThread @star2_train.py:201][0m Steps 2610489, Evaluate reward: 112.68332264713186
[32m[06-30 13:47:08 MainThread @star2_train.py:201][0m Steps 2620018, Evaluate reward: 23.02471298927557
[32m[06-30 13:51:01 MainThread @star2_train.py:201][0m Steps 2630264, Evaluate reward: 307.7710597201184
[32m[06-30 13:54:52 MainThread @star2_train.py:201][0m Steps 2640487, Evaluate reward: -7.807031064419846
[32m[06-30 13:58:31 MainThread @star2_train.py:201][0m Steps 2650144, Evaluate reward: 3.590123570423472
[32m[06-30 14:02:24 MainThread @star2_train.py:201][0m Steps 2660479, Evaluate reward: -2.1473699890159708
[32m[06-30 14:06:02 MainThread @star2_train.py:201][0m Steps 2670104, Evaluate reward: -84.14505755074305
[32m[06-30 14:09:51 MainThread @star2_train.py:201][0m Steps 2680255, Evaluate reward: -3.648550170652925
[32m[06-30 14:13:42 MainThread @star2_train.py:201][0m Steps 2690431, Evaluate reward: 140.3287969890215
[32m[06-30 14:17:33 MainThread @star2_train.py:201][0m Steps 2700595, Evaluate reward: -28.675726047594083
[32m[06-30 14:21:06 MainThread @star2_train.py:201][0m Steps 2710024, Evaluate reward: -4.729579049461464
[32m[06-30 14:24:58 MainThread @star2_train.py:201][0m Steps 2720300, Evaluate reward: 21.115956223901193
[32m[06-30 14:28:41 MainThread @star2_train.py:201][0m Steps 2730158, Evaluate reward: -30.57286222526237
[32m[06-30 14:32:31 MainThread @star2_train.py:201][0m Steps 2740383, Evaluate reward: -66.1545346092743
[32m[06-30 14:36:13 MainThread @star2_train.py:201][0m Steps 2750160, Evaluate reward: 72.52676567455802
[32m[06-30 14:39:58 MainThread @star2_train.py:201][0m Steps 2760094, Evaluate reward: -2.5638733379721117
[32m[06-30 14:43:43 MainThread @star2_train.py:201][0m Steps 2770049, Evaluate reward: -55.94009179805136
[32m[06-30 14:47:31 MainThread @star2_train.py:201][0m Steps 2780111, Evaluate reward: 302.37253795162366
[32m[06-30 14:51:14 MainThread @star2_train.py:201][0m Steps 2790059, Evaluate reward: 42.24981574290959
[32m[06-30 14:55:12 MainThread @star2_train.py:201][0m Steps 2800642, Evaluate reward: -48.99961270305638
[32m[06-30 14:58:52 MainThread @star2_train.py:201][0m Steps 2810490, Evaluate reward: -54.174632697230955
[32m[06-30 15:02:27 MainThread @star2_train.py:201][0m Steps 2820073, Evaluate reward: 166.21555564305538
[32m[06-30 15:06:12 MainThread @star2_train.py:201][0m Steps 2830138, Evaluate reward: -24.42294144181102
[32m[06-30 15:09:59 MainThread @star2_train.py:201][0m Steps 2840116, Evaluate reward: -62.00472483937865
[32m[06-30 15:13:48 MainThread @star2_train.py:201][0m Steps 2850290, Evaluate reward: 129.33194552978878
[32m[06-30 15:17:28 MainThread @star2_train.py:201][0m Steps 2860104, Evaluate reward: 80.13313552800827
[32m[06-30 15:21:11 MainThread @star2_train.py:201][0m Steps 2870047, Evaluate reward: -55.14816039001055
[32m[06-30 15:25:09 MainThread @star2_train.py:201][0m Steps 2880654, Evaluate reward: 32.846169933315565
[32m[06-30 15:28:49 MainThread @star2_train.py:201][0m Steps 2890423, Evaluate reward: 171.67520282794982
[32m[06-30 15:32:29 MainThread @star2_train.py:201][0m Steps 2900164, Evaluate reward: 72.27067522884224
[32m[06-30 15:36:15 MainThread @star2_train.py:201][0m Steps 2910202, Evaluate reward: 299.3373650043826
[32m[06-30 15:39:59 MainThread @star2_train.py:201][0m Steps 2920143, Evaluate reward: 170.56753407145993
[32m[06-30 15:43:41 MainThread @star2_train.py:201][0m Steps 2930044, Evaluate reward: 0.5238396971536758
[32m[06-30 15:47:34 MainThread @star2_train.py:201][0m Steps 2940368, Evaluate reward: 304.03560250087895
[32m[06-30 15:51:13 MainThread @star2_train.py:201][0m Steps 2950008, Evaluate reward: 153.1192449607435
[32m[06-30 15:54:58 MainThread @star2_train.py:201][0m Steps 2960065, Evaluate reward: -56.13040873723355
[32m[06-30 15:58:44 MainThread @star2_train.py:201][0m Steps 2970041, Evaluate reward: 161.51208000512156
[32m[06-30 16:02:43 MainThread @star2_train.py:201][0m Steps 2980719, Evaluate reward: 43.16644835345372
[32m[06-30 16:06:16 MainThread @star2_train.py:201][0m Steps 2990126, Evaluate reward: 302.1741575629348
[32m[06-30 16:10:09 MainThread @star2_train.py:201][0m Steps 3000536, Evaluate reward: -2.9284602853882262
[32m[06-30 16:13:46 MainThread @star2_train.py:201][0m Steps 3010182, Evaluate reward: 87.84501581687834
[32m[06-30 16:17:27 MainThread @star2_train.py:201][0m Steps 3020021, Evaluate reward: 2.4824863519100404
[32m[06-30 16:21:15 MainThread @star2_train.py:201][0m Steps 3030189, Evaluate reward: -22.502339290539936
[32m[06-30 16:25:02 MainThread @star2_train.py:201][0m Steps 3040333, Evaluate reward: -75.1223943141571
[32m[06-30 16:28:40 MainThread @star2_train.py:201][0m Steps 3050071, Evaluate reward: 88.91854204537623
[32m[06-30 16:32:25 MainThread @star2_train.py:201][0m Steps 3060097, Evaluate reward: 4.072297976598463
[32m[06-30 16:36:11 MainThread @star2_train.py:201][0m Steps 3070012, Evaluate reward: 77.23383525893597
[32m[06-30 16:40:00 MainThread @star2_train.py:201][0m Steps 3080204, Evaluate reward: 101.94164939255688
[32m[06-30 16:43:42 MainThread @star2_train.py:201][0m Steps 3090098, Evaluate reward: -35.335225096863695
[32m[06-30 16:47:31 MainThread @star2_train.py:201][0m Steps 3100300, Evaluate reward: 89.27808884553735
[32m[06-30 16:51:11 MainThread @star2_train.py:201][0m Steps 3110099, Evaluate reward: -73.89697376533846
[32m[06-30 16:54:59 MainThread @star2_train.py:201][0m Steps 3120226, Evaluate reward: 303.85439061379077
[32m[06-30 16:58:41 MainThread @star2_train.py:201][0m Steps 3130067, Evaluate reward: 308.98405978403883
[32m[06-30 17:02:26 MainThread @star2_train.py:201][0m Steps 3140018, Evaluate reward: 309.2539564945461
[32m[06-30 17:06:18 MainThread @star2_train.py:201][0m Steps 3150296, Evaluate reward: 309.0891593780473
[32m[06-30 17:10:01 MainThread @star2_train.py:201][0m Steps 3160247, Evaluate reward: 132.11772379513852
[32m[06-30 17:13:42 MainThread @star2_train.py:201][0m Steps 3170055, Evaluate reward: 112.41352933441698
[32m[06-30 17:17:28 MainThread @star2_train.py:201][0m Steps 3180158, Evaluate reward: -70.48234073770405
[32m[06-30 17:21:18 MainThread @star2_train.py:201][0m Steps 3190320, Evaluate reward: 310.3774565594039
[32m[06-30 17:24:59 MainThread @star2_train.py:201][0m Steps 3200153, Evaluate reward: 97.71277794031414
[32m[06-30 17:28:50 MainThread @star2_train.py:201][0m Steps 3210402, Evaluate reward: 306.3884693076946
[32m[06-30 17:32:45 MainThread @star2_train.py:201][0m Steps 3220912, Evaluate reward: -84.71748676620764
[32m[06-30 17:36:11 MainThread @star2_train.py:201][0m Steps 3230106, Evaluate reward: -70.55841596066777
[32m[06-30 17:39:57 MainThread @star2_train.py:201][0m Steps 3240100, Evaluate reward: 306.1098527822216
[32m[06-30 17:44:13 MainThread @star2_train.py:201][0m Steps 3251445, Evaluate reward: 299.5373707958363
[32m[06-30 17:47:28 MainThread @star2_train.py:201][0m Steps 3260135, Evaluate reward: -27.427644096848923
[32m[06-30 17:51:27 MainThread @star2_train.py:201][0m Steps 3270787, Evaluate reward: 136.66677921874052
[32m[06-30 17:54:58 MainThread @star2_train.py:201][0m Steps 3280109, Evaluate reward: 147.6243760424651
[32m[06-30 17:58:48 MainThread @star2_train.py:201][0m Steps 3290405, Evaluate reward: 1.6718907130275937
[32m[06-30 18:02:32 MainThread @star2_train.py:201][0m Steps 3300308, Evaluate reward: 305.5510684908692
[32m[06-30 18:06:12 MainThread @star2_train.py:201][0m Steps 3310049, Evaluate reward: 307.8490619140521
[32m[06-30 18:10:06 MainThread @star2_train.py:201][0m Steps 3320482, Evaluate reward: 35.887441613654545
[32m[06-30 18:13:45 MainThread @star2_train.py:201][0m Steps 3330141, Evaluate reward: 292.61301782162946
[32m[06-30 18:17:34 MainThread @star2_train.py:201][0m Steps 3340350, Evaluate reward: -20.128299918308173
[32m[06-30 18:21:12 MainThread @star2_train.py:201][0m Steps 3350000, Evaluate reward: 299.44274738138563
[32m[06-30 18:25:02 MainThread @star2_train.py:201][0m Steps 3360186, Evaluate reward: 301.1405160530777
[32m[06-30 18:28:54 MainThread @star2_train.py:201][0m Steps 3370426, Evaluate reward: -20.447480137651613
[32m[06-30 18:32:31 MainThread @star2_train.py:201][0m Steps 3380105, Evaluate reward: -51.2522874388267
[32m[06-30 18:36:20 MainThread @star2_train.py:201][0m Steps 3390260, Evaluate reward: 306.774083816189
[32m[06-30 18:40:02 MainThread @star2_train.py:201][0m Steps 3400099, Evaluate reward: 95.46711829367402
[32m[06-30 18:43:49 MainThread @star2_train.py:201][0m Steps 3410200, Evaluate reward: 307.26592463164576
[32m[06-30 18:47:38 MainThread @star2_train.py:201][0m Steps 3420407, Evaluate reward: -41.08633069861494
[32m[06-30 18:51:39 MainThread @star2_train.py:201][0m Steps 3431066, Evaluate reward: 305.4140225528794
[32m[06-30 18:55:10 MainThread @star2_train.py:201][0m Steps 3440430, Evaluate reward: -22.058282040071916
[32m[06-30 18:58:48 MainThread @star2_train.py:201][0m Steps 3450082, Evaluate reward: 297.46381215467244
[32m[06-30 19:02:39 MainThread @star2_train.py:201][0m Steps 3460257, Evaluate reward: 302.2921276440295
[32m[06-30 19:06:28 MainThread @star2_train.py:201][0m Steps 3470359, Evaluate reward: 301.6136746861382
[32m[06-30 19:10:10 MainThread @star2_train.py:201][0m Steps 3480183, Evaluate reward: 306.95602442036613
[32m[06-30 19:13:57 MainThread @star2_train.py:201][0m Steps 3490280, Evaluate reward: -7.0834829046864485
[32m[06-30 19:17:54 MainThread @star2_train.py:201][0m Steps 3500683, Evaluate reward: 51.61092928267071
[32m[06-30 19:21:25 MainThread @star2_train.py:201][0m Steps 3510086, Evaluate reward: -72.50794500874964
[32m[06-30 19:25:24 MainThread @star2_train.py:201][0m Steps 3520636, Evaluate reward: 88.60231976865495
[32m[06-30 19:29:13 MainThread @star2_train.py:201][0m Steps 3530797, Evaluate reward: -41.457721368179115
[32m[06-30 19:32:41 MainThread @star2_train.py:201][0m Steps 3540025, Evaluate reward: 78.45082877121231
[32m[06-30 19:36:31 MainThread @star2_train.py:201][0m Steps 3550226, Evaluate reward: 117.5871332221331
[32m[06-30 19:40:15 MainThread @star2_train.py:201][0m Steps 3560156, Evaluate reward: 305.28369053905675
[32m[06-30 19:44:03 MainThread @star2_train.py:201][0m Steps 3570200, Evaluate reward: 184.65192739316478
[32m[06-30 19:47:54 MainThread @star2_train.py:201][0m Steps 3580487, Evaluate reward: -74.18382548572627
[32m[06-30 19:51:31 MainThread @star2_train.py:201][0m Steps 3590178, Evaluate reward: -72.21378154675895
[32m[06-30 19:55:14 MainThread @star2_train.py:201][0m Steps 3600034, Evaluate reward: 304.39681352288085
[32m[06-30 19:59:06 MainThread @star2_train.py:201][0m Steps 3610221, Evaluate reward: 305.87252006682616
[32m[06-30 20:02:54 MainThread @star2_train.py:201][0m Steps 3620253, Evaluate reward: 129.56304964964403
[32m[06-30 20:06:48 MainThread @star2_train.py:201][0m Steps 3630547, Evaluate reward: 308.1066636348209
[32m[06-30 20:10:24 MainThread @star2_train.py:201][0m Steps 3640049, Evaluate reward: 89.49933835567657
[32m[06-30 20:14:23 MainThread @star2_train.py:201][0m Steps 3650565, Evaluate reward: -26.439077564325927
[32m[06-30 20:18:23 MainThread @star2_train.py:201][0m Steps 3661096, Evaluate reward: 20.248785354392236
[32m[06-30 20:21:52 MainThread @star2_train.py:201][0m Steps 3670364, Evaluate reward: 37.34816001857601
[32m[06-30 20:25:41 MainThread @star2_train.py:201][0m Steps 3680510, Evaluate reward: 308.97103465151105
[32m[06-30 20:29:18 MainThread @star2_train.py:201][0m Steps 3690112, Evaluate reward: 309.60596294285705
[32m[06-30 20:33:10 MainThread @star2_train.py:201][0m Steps 3700269, Evaluate reward: 302.1941292097835
[32m[06-30 20:37:00 MainThread @star2_train.py:201][0m Steps 3710377, Evaluate reward: 305.52370060995963
[32m[06-30 20:40:45 MainThread @star2_train.py:201][0m Steps 3720313, Evaluate reward: 2.635404956311902
[32m[06-30 20:44:50 MainThread @star2_train.py:201][0m Steps 3731059, Evaluate reward: 156.1524854342137
[32m[06-30 20:48:18 MainThread @star2_train.py:201][0m Steps 3740135, Evaluate reward: 7.642327565289498
[32m[06-30 20:52:04 MainThread @star2_train.py:201][0m Steps 3750074, Evaluate reward: 301.3579505187897
[32m[06-30 20:56:01 MainThread @star2_train.py:201][0m Steps 3760074, Evaluate reward: 18.898852090379563
[32m[06-30 21:00:00 MainThread @star2_train.py:201][0m Steps 3770194, Evaluate reward: 150.5329544509736
[32m[06-30 21:03:54 MainThread @star2_train.py:201][0m Steps 3780307, Evaluate reward: -52.91744750042361
[32m[06-30 21:07:47 MainThread @star2_train.py:201][0m Steps 3790362, Evaluate reward: 167.87227135904413
[32m[06-30 21:11:46 MainThread @star2_train.py:201][0m Steps 3800618, Evaluate reward: -0.615947172992307
[32m[06-30 21:15:25 MainThread @star2_train.py:201][0m Steps 3810083, Evaluate reward: -32.52172108366001
[32m[06-30 21:19:13 MainThread @star2_train.py:201][0m Steps 3820191, Evaluate reward: 130.85644054626303
[32m[06-30 21:22:57 MainThread @star2_train.py:201][0m Steps 3830076, Evaluate reward: 308.2013610697623
[32m[06-30 21:26:45 MainThread @star2_train.py:201][0m Steps 3840176, Evaluate reward: -62.62007499477454
[32m[06-30 21:30:36 MainThread @star2_train.py:201][0m Steps 3850198, Evaluate reward: 306.21152662888306
[32m[06-30 21:34:31 MainThread @star2_train.py:201][0m Steps 3860374, Evaluate reward: -82.2896814518037
[32m[06-30 21:38:23 MainThread @star2_train.py:201][0m Steps 3870449, Evaluate reward: 305.1849205386142
[32m[06-30 21:42:06 MainThread @star2_train.py:201][0m Steps 3880040, Evaluate reward: 302.28776236575004
[32m[06-30 21:45:58 MainThread @star2_train.py:201][0m Steps 3890105, Evaluate reward: 303.25183152561897
[32m[06-30 21:49:49 MainThread @star2_train.py:201][0m Steps 3900033, Evaluate reward: 215.2525088929068
[32m[06-30 21:53:43 MainThread @star2_train.py:201][0m Steps 3910029, Evaluate reward: 165.53125550404582
[32m[06-30 21:57:43 MainThread @star2_train.py:201][0m Steps 3920303, Evaluate reward: 105.00597330625445
[32m[06-30 22:01:32 MainThread @star2_train.py:201][0m Steps 3930182, Evaluate reward: 47.31818717590622
[32m[06-30 22:05:31 MainThread @star2_train.py:201][0m Steps 3940383, Evaluate reward: 304.1100879984403
[32m[06-30 22:09:26 MainThread @star2_train.py:201][0m Steps 3950526, Evaluate reward: -66.1520704555053
[32m[06-30 22:13:13 MainThread @star2_train.py:201][0m Steps 3960188, Evaluate reward: 310.34268801785674
[32m[06-30 22:16:59 MainThread @star2_train.py:201][0m Steps 3970133, Evaluate reward: 300.1468874151344
[32m[06-30 22:20:48 MainThread @star2_train.py:201][0m Steps 3980314, Evaluate reward: -13.515048379994084
[32m[06-30 22:24:49 MainThread @star2_train.py:201][0m Steps 3990967, Evaluate reward: 305.410908449274
[32m[06-30 22:28:16 MainThread @star2_train.py:201][0m Steps 4000067, Evaluate reward: 141.0167921928774
[32m[06-30 22:32:03 MainThread @star2_train.py:201][0m Steps 4010007, Evaluate reward: -48.549194241661745
[32m[06-30 22:35:51 MainThread @star2_train.py:201][0m Steps 4020085, Evaluate reward: 307.3700741456537
[32m[06-30 22:39:43 MainThread @star2_train.py:201][0m Steps 4030351, Evaluate reward: -47.53091138659862
[32m[06-30 22:43:25 MainThread @star2_train.py:201][0m Steps 4040090, Evaluate reward: 240.61222203786696
[32m[06-30 22:47:20 MainThread @star2_train.py:201][0m Steps 4050451, Evaluate reward: 309.1524864207015
[32m[06-30 22:51:00 MainThread @star2_train.py:201][0m Steps 4060175, Evaluate reward: 65.68946684603972
[32m[06-30 22:54:53 MainThread @star2_train.py:201][0m Steps 4070427, Evaluate reward: 309.275593242773
[32m[06-30 22:58:32 MainThread @star2_train.py:201][0m Steps 4080126, Evaluate reward: -35.30680812537028
[32m[06-30 23:02:18 MainThread @star2_train.py:201][0m Steps 4090017, Evaluate reward: 301.4334298089052
