[33m[06-29 21:19:26 MainThread @visualdl.py:34][0m [5m[33mWRN[0m [VisualDL] logdir is None, will save VisualDL files to train_log/star3_train
View the data using: visualdl --logdir=./train_log/star3_train --host=192.168.0.100
[32m[06-29 21:19:59 MainThread @star3_train.py:219][0m Steps 1000, Test reward: -412.9227102388742
[32m[06-29 21:21:32 MainThread @star3_train.py:219][0m Steps 10000, Test reward: -356.1768841638779
[32m[06-29 21:21:32 MainThread @machine_info.py:86][0m nvidia-smi -L found gpu count: 1
[32m[06-29 21:25:00 MainThread @star3_train.py:219][0m Steps 20000, Test reward: -794.1918576349557
[32m[06-29 21:28:26 MainThread @star3_train.py:219][0m Steps 30000, Test reward: -889.7531558458055
[32m[06-29 21:31:53 MainThread @star3_train.py:219][0m Steps 40000, Test reward: -765.3777952262601
[32m[06-29 21:35:22 MainThread @star3_train.py:219][0m Steps 50000, Test reward: -575.4244411597099
[32m[06-29 21:38:56 MainThread @star3_train.py:219][0m Steps 60000, Test reward: -547.0444428238351
[32m[06-29 21:42:27 MainThread @star3_train.py:219][0m Steps 70000, Test reward: -564.2778699205152
[32m[06-29 21:45:56 MainThread @star3_train.py:219][0m Steps 80000, Test reward: -531.8601874338459
[32m[06-29 21:49:26 MainThread @star3_train.py:219][0m Steps 90000, Test reward: -582.9667816250156
[32m[06-29 21:52:54 MainThread @star3_train.py:219][0m Steps 100000, Test reward: -640.7247501719346
[32m[06-29 21:56:20 MainThread @star3_train.py:219][0m Steps 110000, Test reward: -521.2833023895695
[32m[06-29 21:59:47 MainThread @star3_train.py:219][0m Steps 120000, Test reward: -663.4542212958072
[32m[06-29 22:03:14 MainThread @star3_train.py:219][0m Steps 130000, Test reward: -823.3769371258597
[32m[06-29 22:06:41 MainThread @star3_train.py:219][0m Steps 140000, Test reward: -808.4384397243141
[32m[06-29 22:10:07 MainThread @star3_train.py:219][0m Steps 150000, Test reward: -794.9956181893594
[32m[06-29 22:13:34 MainThread @star3_train.py:219][0m Steps 160000, Test reward: -785.283508453907
[32m[06-29 22:17:01 MainThread @star3_train.py:219][0m Steps 170000, Test reward: -914.5107409800543
[32m[06-29 22:20:28 MainThread @star3_train.py:219][0m Steps 180000, Test reward: -910.1156996859623
[32m[06-29 22:24:01 MainThread @star3_train.py:219][0m Steps 190000, Test reward: -917.8281806481837
[32m[06-29 22:27:35 MainThread @star3_train.py:219][0m Steps 200000, Test reward: -971.7192185661859
[32m[06-29 22:31:10 MainThread @star3_train.py:219][0m Steps 210000, Test reward: -943.116544899753
[32m[06-29 22:34:44 MainThread @star3_train.py:219][0m Steps 220000, Test reward: -931.2743025359005
[32m[06-29 22:38:16 MainThread @star3_train.py:219][0m Steps 230000, Test reward: -916.1619426663619
[32m[06-29 22:41:50 MainThread @star3_train.py:219][0m Steps 240000, Test reward: -835.12150710438
[32m[06-29 22:45:21 MainThread @star3_train.py:219][0m Steps 250000, Test reward: -858.8729729213928
[32m[06-29 22:48:54 MainThread @star3_train.py:219][0m Steps 260000, Test reward: -887.5433957086219
[32m[06-29 22:52:27 MainThread @star3_train.py:219][0m Steps 270000, Test reward: -916.4197477193641
[32m[06-29 22:56:02 MainThread @star3_train.py:219][0m Steps 280000, Test reward: -893.707258735988
[32m[06-29 22:59:40 MainThread @star3_train.py:219][0m Steps 290000, Test reward: -761.0118003231734
[32m[06-29 23:03:11 MainThread @star3_train.py:219][0m Steps 300000, Test reward: -877.7661747460725
[32m[06-29 23:06:42 MainThread @star3_train.py:219][0m Steps 310000, Test reward: -836.3557964512183
[32m[06-29 23:10:15 MainThread @star3_train.py:219][0m Steps 320000, Test reward: -789.952899499218
[32m[06-29 23:13:46 MainThread @star3_train.py:219][0m Steps 330000, Test reward: -837.9436183893376
[32m[06-29 23:17:24 MainThread @star3_train.py:219][0m Steps 340000, Test reward: -754.5121033875287
[32m[06-29 23:21:01 MainThread @star3_train.py:219][0m Steps 350000, Test reward: -903.7154656202516
[32m[06-29 23:24:39 MainThread @star3_train.py:219][0m Steps 360000, Test reward: -869.8176611126697
[32m[06-29 23:28:18 MainThread @star3_train.py:219][0m Steps 370000, Test reward: -912.7761328592518
[32m[06-29 23:31:57 MainThread @star3_train.py:219][0m Steps 380000, Test reward: -845.8999005201471
[32m[06-29 23:35:25 MainThread @star3_train.py:219][0m Steps 390000, Test reward: -800.9506728429831
[32m[06-29 23:38:53 MainThread @star3_train.py:219][0m Steps 400000, Test reward: -913.97156240876
[32m[06-29 23:42:21 MainThread @star3_train.py:219][0m Steps 410000, Test reward: -865.0380429894991
[32m[06-29 23:45:50 MainThread @star3_train.py:219][0m Steps 420000, Test reward: -892.5782153910966
[32m[06-29 23:49:18 MainThread @star3_train.py:219][0m Steps 430000, Test reward: -929.0112724743622
[32m[06-29 23:52:45 MainThread @star3_train.py:219][0m Steps 440000, Test reward: -889.2332667130656
[32m[06-29 23:56:14 MainThread @star3_train.py:219][0m Steps 450000, Test reward: -876.233409429568
[32m[06-29 23:59:41 MainThread @star3_train.py:219][0m Steps 460000, Test reward: -873.8595537482339
[32m[06-30 00:03:08 MainThread @star3_train.py:219][0m Steps 470000, Test reward: -848.5235094127299
[32m[06-30 00:06:35 MainThread @star3_train.py:219][0m Steps 480000, Test reward: -904.5991270291486
[32m[06-30 00:10:02 MainThread @star3_train.py:219][0m Steps 490000, Test reward: -925.0191902137991
[32m[06-30 00:13:29 MainThread @star3_train.py:219][0m Steps 500000, Test reward: -786.2847239484621
[32m[06-30 00:16:55 MainThread @star3_train.py:219][0m Steps 510000, Test reward: -721.565530935054
[32m[06-30 00:20:22 MainThread @star3_train.py:219][0m Steps 520000, Test reward: -863.8339504766607
[32m[06-30 00:23:49 MainThread @star3_train.py:219][0m Steps 530000, Test reward: -766.5915586745128
[32m[06-30 00:27:18 MainThread @star3_train.py:219][0m Steps 540000, Test reward: -721.5519559519594
[32m[06-30 00:30:47 MainThread @star3_train.py:219][0m Steps 550000, Test reward: -426.4650829269398
[32m[06-30 00:34:20 MainThread @star3_train.py:219][0m Steps 560000, Test reward: -705.1701759218907
[32m[06-30 00:37:50 MainThread @star3_train.py:219][0m Steps 570000, Test reward: -537.9230195087802
[32m[06-30 00:41:19 MainThread @star3_train.py:219][0m Steps 580000, Test reward: -435.67599670474647
[32m[06-30 00:44:49 MainThread @star3_train.py:219][0m Steps 590000, Test reward: -709.155766722442
[32m[06-30 00:48:18 MainThread @star3_train.py:219][0m Steps 600000, Test reward: -290.76280268382015
[32m[06-30 00:51:48 MainThread @star3_train.py:219][0m Steps 610000, Test reward: -510.57062130594994
[32m[06-30 00:55:18 MainThread @star3_train.py:219][0m Steps 620000, Test reward: -416.40338053533117
[32m[06-30 00:58:47 MainThread @star3_train.py:219][0m Steps 630000, Test reward: -321.21996523842574
[32m[06-30 01:02:17 MainThread @star3_train.py:219][0m Steps 640000, Test reward: -346.1278766014486
[32m[06-30 01:05:46 MainThread @star3_train.py:219][0m Steps 650000, Test reward: -115.19496338210918
[32m[06-30 01:09:19 MainThread @star3_train.py:219][0m Steps 660000, Test reward: -167.8380138462016
[32m[06-30 01:12:52 MainThread @star3_train.py:219][0m Steps 670000, Test reward: -94.73591860881756
[32m[06-30 01:16:24 MainThread @star3_train.py:219][0m Steps 680000, Test reward: -102.74266424833304
[32m[06-30 01:19:54 MainThread @star3_train.py:219][0m Steps 690000, Test reward: -81.38939873164381
[32m[06-30 01:23:25 MainThread @star3_train.py:219][0m Steps 700000, Test reward: -111.23264767610058
[32m[06-30 01:26:55 MainThread @star3_train.py:219][0m Steps 710000, Test reward: -83.90994119393932
[32m[06-30 01:30:26 MainThread @star3_train.py:219][0m Steps 720000, Test reward: -98.34946194755152
[32m[06-30 01:34:02 MainThread @star3_train.py:219][0m Steps 730000, Test reward: -76.47538890622263
[32m[06-30 01:37:35 MainThread @star3_train.py:219][0m Steps 740000, Test reward: -82.37147711679845
[32m[06-30 01:41:15 MainThread @star3_train.py:219][0m Steps 750000, Test reward: -91.23314367517463
[32m[06-30 01:44:48 MainThread @star3_train.py:219][0m Steps 760000, Test reward: -83.66121727396825
[32m[06-30 01:48:23 MainThread @star3_train.py:219][0m Steps 770000, Test reward: -106.69765139085118
[32m[06-30 01:51:58 MainThread @star3_train.py:219][0m Steps 780000, Test reward: -133.81333249427078
[32m[06-30 01:55:32 MainThread @star3_train.py:219][0m Steps 790000, Test reward: -90.4338789496039
[32m[06-30 01:59:07 MainThread @star3_train.py:219][0m Steps 800000, Test reward: -88.1343389260342
[32m[06-30 02:02:45 MainThread @star3_train.py:219][0m Steps 810000, Test reward: -102.72236067211645
[32m[06-30 02:06:21 MainThread @star3_train.py:219][0m Steps 820000, Test reward: -67.32694652373121
[32m[06-30 02:09:57 MainThread @star3_train.py:219][0m Steps 830000, Test reward: -77.8795861391362
[32m[06-30 02:13:32 MainThread @star3_train.py:219][0m Steps 840000, Test reward: -94.443478200886
[32m[06-30 02:17:06 MainThread @star3_train.py:219][0m Steps 850000, Test reward: -77.18944581436817
[32m[06-30 02:20:42 MainThread @star3_train.py:219][0m Steps 860000, Test reward: -92.5890371259043
[32m[06-30 02:24:22 MainThread @star3_train.py:219][0m Steps 870000, Test reward: -91.45790766390246
[32m[06-30 02:27:57 MainThread @star3_train.py:219][0m Steps 880000, Test reward: -105.65574362997833
[32m[06-30 02:31:33 MainThread @star3_train.py:219][0m Steps 890000, Test reward: -89.76569433836424
[32m[06-30 02:35:09 MainThread @star3_train.py:219][0m Steps 900000, Test reward: -104.32134118206416
[32m[06-30 02:38:43 MainThread @star3_train.py:219][0m Steps 910000, Test reward: -109.45774864242613
[32m[06-30 02:42:18 MainThread @star3_train.py:219][0m Steps 920000, Test reward: -95.19253192268414
[32m[06-30 02:45:59 MainThread @star3_train.py:219][0m Steps 930000, Test reward: -107.72399452828213
[32m[06-30 02:49:41 MainThread @star3_train.py:219][0m Steps 940000, Test reward: -76.62478122937185
[32m[06-30 02:53:22 MainThread @star3_train.py:219][0m Steps 950000, Test reward: -74.78024810212884
[32m[06-30 02:57:00 MainThread @star3_train.py:219][0m Steps 960000, Test reward: -87.85882686217141
[32m[06-30 03:00:37 MainThread @star3_train.py:219][0m Steps 970000, Test reward: -80.28553212148522
[32m[06-30 03:04:13 MainThread @star3_train.py:219][0m Steps 980000, Test reward: -75.34353041391788
[32m[06-30 03:07:47 MainThread @star3_train.py:219][0m Steps 990000, Test reward: -70.98715016940876
[32m[06-30 03:11:18 MainThread @star3_train.py:219][0m Steps 1000000, Test reward: -95.22115354173499
[32m[06-30 03:14:47 MainThread @star3_train.py:219][0m Steps 1010000, Test reward: -71.40672854350727
[32m[06-30 03:18:18 MainThread @star3_train.py:219][0m Steps 1020000, Test reward: -187.75143563498384
[32m[06-30 03:21:49 MainThread @star3_train.py:219][0m Steps 1030000, Test reward: -110.5487728499724
[32m[06-30 03:25:20 MainThread @star3_train.py:219][0m Steps 1040000, Test reward: -82.20799493340107
[32m[06-30 03:28:50 MainThread @star3_train.py:219][0m Steps 1050000, Test reward: -63.73337679957193
[32m[06-30 03:32:21 MainThread @star3_train.py:219][0m Steps 1060000, Test reward: -67.8876108302699
[32m[06-30 03:35:52 MainThread @star3_train.py:219][0m Steps 1070000, Test reward: -78.29292039285642
[32m[06-30 03:39:23 MainThread @star3_train.py:219][0m Steps 1080000, Test reward: -67.55956456583085
[32m[06-30 03:42:54 MainThread @star3_train.py:219][0m Steps 1090000, Test reward: -79.43340372940656
[32m[06-30 03:46:25 MainThread @star3_train.py:219][0m Steps 1100000, Test reward: -83.84416231576888
[32m[06-30 03:49:56 MainThread @star3_train.py:219][0m Steps 1110000, Test reward: -84.35180276373515
[32m[06-30 03:53:27 MainThread @star3_train.py:219][0m Steps 1120000, Test reward: -74.65871248520871
[32m[06-30 03:56:58 MainThread @star3_train.py:219][0m Steps 1130000, Test reward: -64.33756821146667
[32m[06-30 04:00:29 MainThread @star3_train.py:219][0m Steps 1140000, Test reward: -80.26823870971064
[32m[06-30 04:04:00 MainThread @star3_train.py:219][0m Steps 1150000, Test reward: -69.16978754196309
[32m[06-30 04:07:30 MainThread @star3_train.py:219][0m Steps 1160000, Test reward: -57.37764115454148
[32m[06-30 04:11:01 MainThread @star3_train.py:219][0m Steps 1170000, Test reward: -61.02306032993296
[32m[06-30 04:14:32 MainThread @star3_train.py:219][0m Steps 1180000, Test reward: -65.2963035899473
[32m[06-30 04:18:03 MainThread @star3_train.py:219][0m Steps 1190000, Test reward: -59.35555909362802
[32m[06-30 04:21:34 MainThread @star3_train.py:219][0m Steps 1200000, Test reward: -58.13470845667547
[32m[06-30 04:25:05 MainThread @star3_train.py:219][0m Steps 1210000, Test reward: -58.541650448622065
[32m[06-30 04:28:36 MainThread @star3_train.py:219][0m Steps 1220000, Test reward: -70.9431402840574
[32m[06-30 04:32:07 MainThread @star3_train.py:219][0m Steps 1230000, Test reward: -70.74695437015552
[32m[06-30 04:35:38 MainThread @star3_train.py:219][0m Steps 1240000, Test reward: -58.813880443853385
[32m[06-30 04:39:08 MainThread @star3_train.py:219][0m Steps 1250000, Test reward: -70.44765142523795
[32m[06-30 04:42:39 MainThread @star3_train.py:219][0m Steps 1260000, Test reward: -57.558589437109866
[32m[06-30 04:46:10 MainThread @star3_train.py:219][0m Steps 1270000, Test reward: -76.73459880325075
[32m[06-30 04:49:41 MainThread @star3_train.py:219][0m Steps 1280000, Test reward: -81.7858187523282
[32m[06-30 04:53:12 MainThread @star3_train.py:219][0m Steps 1290000, Test reward: -59.62169854603883
[32m[06-30 04:56:42 MainThread @star3_train.py:219][0m Steps 1300000, Test reward: -64.27435293040159
[32m[06-30 05:00:13 MainThread @star3_train.py:219][0m Steps 1310000, Test reward: -60.6230479439953
[32m[06-30 05:03:44 MainThread @star3_train.py:219][0m Steps 1320000, Test reward: -60.5834013714227
[32m[06-30 05:07:15 MainThread @star3_train.py:219][0m Steps 1330000, Test reward: -54.44489810246307
[32m[06-30 05:10:46 MainThread @star3_train.py:219][0m Steps 1340000, Test reward: -59.234030821881355
[32m[06-30 05:14:17 MainThread @star3_train.py:219][0m Steps 1350000, Test reward: -50.79400792169098
[32m[06-30 05:17:48 MainThread @star3_train.py:219][0m Steps 1360000, Test reward: -53.30463025977042
[32m[06-30 05:21:19 MainThread @star3_train.py:219][0m Steps 1370000, Test reward: -54.549476654846046
[32m[06-30 05:24:50 MainThread @star3_train.py:219][0m Steps 1380000, Test reward: -49.954173791378985
[32m[06-30 05:28:20 MainThread @star3_train.py:219][0m Steps 1390000, Test reward: -53.81170083711062
[32m[06-30 05:31:51 MainThread @star3_train.py:219][0m Steps 1400000, Test reward: -59.21701847524919
[32m[06-30 05:35:22 MainThread @star3_train.py:219][0m Steps 1410000, Test reward: -50.21576112191658
[32m[06-30 05:38:53 MainThread @star3_train.py:219][0m Steps 1420000, Test reward: -49.39721167805054
[32m[06-30 05:42:24 MainThread @star3_train.py:219][0m Steps 1430000, Test reward: -52.6659471260156
[32m[06-30 05:45:55 MainThread @star3_train.py:219][0m Steps 1440000, Test reward: -53.17194678318735
[32m[06-30 05:49:26 MainThread @star3_train.py:219][0m Steps 1450000, Test reward: -56.09312642767501
[32m[06-30 05:52:57 MainThread @star3_train.py:219][0m Steps 1460000, Test reward: -61.340711641639686
[32m[06-30 05:56:28 MainThread @star3_train.py:219][0m Steps 1470000, Test reward: -66.41648352575294
[32m[06-30 05:59:59 MainThread @star3_train.py:219][0m Steps 1480000, Test reward: -62.359679610399304
[32m[06-30 06:03:30 MainThread @star3_train.py:219][0m Steps 1490000, Test reward: -60.47329920453758
[32m[06-30 06:07:01 MainThread @star3_train.py:219][0m Steps 1500000, Test reward: -61.39759435875527
[32m[06-30 06:10:32 MainThread @star3_train.py:219][0m Steps 1510000, Test reward: -64.73166696932142
[32m[06-30 06:14:03 MainThread @star3_train.py:219][0m Steps 1520000, Test reward: -63.89382805133787
[32m[06-30 06:17:34 MainThread @star3_train.py:219][0m Steps 1530000, Test reward: -65.98782785839143
[32m[06-30 06:21:05 MainThread @star3_train.py:219][0m Steps 1540000, Test reward: -64.79536142643762
[32m[06-30 06:24:37 MainThread @star3_train.py:219][0m Steps 1550000, Test reward: -55.384026130515394
[32m[06-30 06:28:08 MainThread @star3_train.py:219][0m Steps 1560000, Test reward: -177.01877264103553
[32m[06-30 06:31:39 MainThread @star3_train.py:219][0m Steps 1570000, Test reward: -58.50605130708543
[32m[06-30 06:35:06 MainThread @star3_train.py:219][0m Steps 1580000, Test reward: -115.56475857558755
[32m[06-30 06:38:34 MainThread @star3_train.py:219][0m Steps 1590000, Test reward: -77.31936824692596
[32m[06-30 06:42:02 MainThread @star3_train.py:219][0m Steps 1600000, Test reward: -59.81600576469894
[32m[06-30 06:45:29 MainThread @star3_train.py:219][0m Steps 1610000, Test reward: -47.29243692311635
[32m[06-30 06:48:57 MainThread @star3_train.py:219][0m Steps 1620000, Test reward: -50.06138685733603
[32m[06-30 06:52:24 MainThread @star3_train.py:219][0m Steps 1630000, Test reward: -48.19603428281893
[32m[06-30 06:55:52 MainThread @star3_train.py:219][0m Steps 1640000, Test reward: -50.981038221813264
[32m[06-30 06:59:19 MainThread @star3_train.py:219][0m Steps 1650000, Test reward: -49.045461092231086
[32m[06-30 07:02:47 MainThread @star3_train.py:219][0m Steps 1660000, Test reward: -51.06687406620873
[32m[06-30 07:06:15 MainThread @star3_train.py:219][0m Steps 1670000, Test reward: -49.732258587941566
[32m[06-30 07:09:42 MainThread @star3_train.py:219][0m Steps 1680000, Test reward: -46.085674219400985
[32m[06-30 07:13:10 MainThread @star3_train.py:219][0m Steps 1690000, Test reward: -43.95425374317337
[32m[06-30 07:16:38 MainThread @star3_train.py:219][0m Steps 1700000, Test reward: -44.017567807301916
[32m[06-30 07:20:06 MainThread @star3_train.py:219][0m Steps 1710000, Test reward: -43.938359170647495
[32m[06-30 07:23:33 MainThread @star3_train.py:219][0m Steps 1720000, Test reward: -40.184285349763044
[32m[06-30 07:27:01 MainThread @star3_train.py:219][0m Steps 1730000, Test reward: -47.53950174162152
[32m[06-30 07:30:28 MainThread @star3_train.py:219][0m Steps 1740000, Test reward: -47.61043981037198
[32m[06-30 07:33:56 MainThread @star3_train.py:219][0m Steps 1750000, Test reward: -41.04914539491155
[32m[06-30 07:37:23 MainThread @star3_train.py:219][0m Steps 1760000, Test reward: -45.632869102535395
[32m[06-30 07:40:50 MainThread @star3_train.py:219][0m Steps 1770000, Test reward: -46.604502436278906
[32m[06-30 07:44:18 MainThread @star3_train.py:219][0m Steps 1780000, Test reward: -49.25313206076693
[32m[06-30 07:47:45 MainThread @star3_train.py:219][0m Steps 1790000, Test reward: -53.49773552749908
[32m[06-30 07:51:12 MainThread @star3_train.py:219][0m Steps 1800000, Test reward: -50.04053970728529
[32m[06-30 07:54:40 MainThread @star3_train.py:219][0m Steps 1810000, Test reward: -49.97241697855875
[32m[06-30 07:58:07 MainThread @star3_train.py:219][0m Steps 1820000, Test reward: -47.51803450626868
[32m[06-30 08:01:35 MainThread @star3_train.py:219][0m Steps 1830000, Test reward: -51.42053382272896
[32m[06-30 08:05:02 MainThread @star3_train.py:219][0m Steps 1840000, Test reward: -52.186031463936004
[32m[06-30 08:08:30 MainThread @star3_train.py:219][0m Steps 1850000, Test reward: -51.42170572955119
[32m[06-30 08:11:57 MainThread @star3_train.py:219][0m Steps 1860000, Test reward: -58.58512889657398
[32m[06-30 08:15:25 MainThread @star3_train.py:219][0m Steps 1870000, Test reward: -51.483524779492406
[32m[06-30 08:18:52 MainThread @star3_train.py:219][0m Steps 1880000, Test reward: -61.36995061655972
[32m[06-30 08:22:20 MainThread @star3_train.py:219][0m Steps 1890000, Test reward: -54.22443285868309
[32m[06-30 08:25:47 MainThread @star3_train.py:219][0m Steps 1900000, Test reward: -62.40209847403338
[32m[06-30 08:29:15 MainThread @star3_train.py:219][0m Steps 1910000, Test reward: -53.42672924481201
[32m[06-30 08:32:42 MainThread @star3_train.py:219][0m Steps 1920000, Test reward: -45.684432677583246
[32m[06-30 08:36:10 MainThread @star3_train.py:219][0m Steps 1930000, Test reward: -55.294775343191716
[32m[06-30 08:39:37 MainThread @star3_train.py:219][0m Steps 1940000, Test reward: -47.44696487910901
[32m[06-30 08:43:05 MainThread @star3_train.py:219][0m Steps 1950000, Test reward: -46.082182996569024
[32m[06-30 08:46:32 MainThread @star3_train.py:219][0m Steps 1960000, Test reward: -48.88271503153403
[32m[06-30 08:50:00 MainThread @star3_train.py:219][0m Steps 1970000, Test reward: -46.146719786748875
[32m[06-30 08:53:27 MainThread @star3_train.py:219][0m Steps 1980000, Test reward: -51.25876937362064
[32m[06-30 08:56:54 MainThread @star3_train.py:219][0m Steps 1990000, Test reward: -54.74221707250081
[32m[06-30 09:00:22 MainThread @star3_train.py:219][0m Steps 2000000, Test reward: -60.1837088582926
[32m[06-30 09:03:49 MainThread @star3_train.py:219][0m Steps 2010000, Test reward: -46.9781649139742
[32m[06-30 09:07:17 MainThread @star3_train.py:219][0m Steps 2020000, Test reward: -50.964634722796276
[32m[06-30 09:10:44 MainThread @star3_train.py:219][0m Steps 2030000, Test reward: -48.260200998833334
[32m[06-30 09:14:12 MainThread @star3_train.py:219][0m Steps 2040000, Test reward: -50.8535688472499
[32m[06-30 09:17:39 MainThread @star3_train.py:219][0m Steps 2050000, Test reward: -52.749969512149974
[32m[06-30 09:21:07 MainThread @star3_train.py:219][0m Steps 2060000, Test reward: -53.835734551233486
[32m[06-30 09:24:34 MainThread @star3_train.py:219][0m Steps 2070000, Test reward: -49.01756906342639
[32m[06-30 09:28:02 MainThread @star3_train.py:219][0m Steps 2080000, Test reward: -50.41831288367009
[32m[06-30 09:31:30 MainThread @star3_train.py:219][0m Steps 2090000, Test reward: -49.091207748638894
[32m[06-30 09:34:57 MainThread @star3_train.py:219][0m Steps 2100000, Test reward: -49.685449609742875
[32m[06-30 09:38:25 MainThread @star3_train.py:219][0m Steps 2110000, Test reward: -45.7725484737117
[32m[06-30 09:41:52 MainThread @star3_train.py:219][0m Steps 2120000, Test reward: -52.940665221041705
[32m[06-30 09:45:20 MainThread @star3_train.py:219][0m Steps 2130000, Test reward: -56.2621544738292
[32m[06-30 09:48:46 MainThread @star3_train.py:219][0m Steps 2140000, Test reward: -53.966450962872706
[32m[06-30 09:52:13 MainThread @star3_train.py:219][0m Steps 2150000, Test reward: -48.8642324784103
[32m[06-30 09:55:40 MainThread @star3_train.py:219][0m Steps 2160000, Test reward: -56.30637891191784
[32m[06-30 09:59:08 MainThread @star3_train.py:219][0m Steps 2170000, Test reward: -52.25987812788041
[32m[06-30 10:02:35 MainThread @star3_train.py:219][0m Steps 2180000, Test reward: -62.175608932706346
[32m[06-30 10:06:02 MainThread @star3_train.py:219][0m Steps 2190000, Test reward: -50.02171722615668
[32m[06-30 10:09:29 MainThread @star3_train.py:219][0m Steps 2200000, Test reward: -40.25625205047832
[32m[06-30 10:12:56 MainThread @star3_train.py:219][0m Steps 2210000, Test reward: -45.13947839469138
[32m[06-30 10:16:24 MainThread @star3_train.py:219][0m Steps 2220000, Test reward: -37.5316476042061
[32m[06-30 10:19:51 MainThread @star3_train.py:219][0m Steps 2230000, Test reward: -34.88360712203986
[32m[06-30 10:23:18 MainThread @star3_train.py:219][0m Steps 2240000, Test reward: -33.20477518233395
[32m[06-30 10:26:45 MainThread @star3_train.py:219][0m Steps 2250000, Test reward: -32.762169504487744
[32m[06-30 10:30:12 MainThread @star3_train.py:219][0m Steps 2260000, Test reward: -33.24485479118256
[32m[06-30 10:33:39 MainThread @star3_train.py:219][0m Steps 2270000, Test reward: -25.734964391661254
[32m[06-30 10:37:06 MainThread @star3_train.py:219][0m Steps 2280000, Test reward: -31.51823282305518
[32m[06-30 10:40:36 MainThread @star3_train.py:219][0m Steps 2290000, Test reward: -37.110058683407395
[32m[06-30 10:44:12 MainThread @star3_train.py:219][0m Steps 2300000, Test reward: -47.2891532338258
[32m[06-30 10:47:53 MainThread @star3_train.py:219][0m Steps 2310000, Test reward: -40.77940256387147
[32m[06-30 10:51:33 MainThread @star3_train.py:219][0m Steps 2320000, Test reward: -42.02011755873665
[32m[06-30 10:55:11 MainThread @star3_train.py:219][0m Steps 2330000, Test reward: -44.05195847138812
[32m[06-30 10:58:49 MainThread @star3_train.py:219][0m Steps 2340000, Test reward: -50.24561094833635
[32m[06-30 11:02:29 MainThread @star3_train.py:219][0m Steps 2350000, Test reward: -39.83717049308275
[32m[06-30 11:06:10 MainThread @star3_train.py:219][0m Steps 2360000, Test reward: -43.37422827003438
[32m[06-30 11:09:46 MainThread @star3_train.py:219][0m Steps 2370000, Test reward: -42.16915893095307
[32m[06-30 11:13:22 MainThread @star3_train.py:219][0m Steps 2380000, Test reward: -39.865375542097965
[32m[06-30 11:16:53 MainThread @star3_train.py:219][0m Steps 2390000, Test reward: -39.9587449310774
[32m[06-30 11:20:22 MainThread @star3_train.py:219][0m Steps 2400000, Test reward: -42.3931981843433
[32m[06-30 11:23:50 MainThread @star3_train.py:219][0m Steps 2410000, Test reward: -36.87989437030729
[32m[06-30 11:27:22 MainThread @star3_train.py:219][0m Steps 2420000, Test reward: -31.057467005733354
[32m[06-30 11:30:52 MainThread @star3_train.py:219][0m Steps 2430000, Test reward: -29.8277955230189
[32m[06-30 11:34:20 MainThread @star3_train.py:219][0m Steps 2440000, Test reward: -30.31832719637643
[32m[06-30 11:37:49 MainThread @star3_train.py:219][0m Steps 2450000, Test reward: -29.00592571062923
[32m[06-30 11:41:19 MainThread @star3_train.py:219][0m Steps 2460000, Test reward: -26.373908142155063
[32m[06-30 11:44:48 MainThread @star3_train.py:219][0m Steps 2470000, Test reward: -24.386414733649012
[32m[06-30 11:48:16 MainThread @star3_train.py:219][0m Steps 2480000, Test reward: -25.450809559697053
[32m[06-30 11:51:50 MainThread @star3_train.py:219][0m Steps 2490000, Test reward: -24.855468032682957
[32m[06-30 11:55:29 MainThread @star3_train.py:219][0m Steps 2500000, Test reward: -30.48180432082851
[32m[06-30 11:59:21 MainThread @star3_train.py:219][0m Steps 2510000, Test reward: -29.006316103265657
[32m[06-30 12:03:09 MainThread @star3_train.py:219][0m Steps 2520000, Test reward: -24.24021217201771
[32m[06-30 12:06:49 MainThread @star3_train.py:219][0m Steps 2530000, Test reward: -20.203832896857598
[32m[06-30 12:10:20 MainThread @star3_train.py:219][0m Steps 2540000, Test reward: -20.994708521054115
[32m[06-30 12:13:51 MainThread @star3_train.py:219][0m Steps 2550000, Test reward: -21.444240383885607
[32m[06-30 12:17:22 MainThread @star3_train.py:219][0m Steps 2560000, Test reward: -21.27698703512028
[32m[06-30 12:20:54 MainThread @star3_train.py:219][0m Steps 2570000, Test reward: -20.7551522716993
[32m[06-30 12:24:25 MainThread @star3_train.py:219][0m Steps 2580000, Test reward: -21.399207316455954
[32m[06-30 12:27:55 MainThread @star3_train.py:219][0m Steps 2590000, Test reward: -20.495554219614128
[32m[06-30 12:31:26 MainThread @star3_train.py:219][0m Steps 2600000, Test reward: -20.90334043176544
[32m[06-30 12:34:56 MainThread @star3_train.py:219][0m Steps 2610000, Test reward: -20.65546685733936
[32m[06-30 12:38:27 MainThread @star3_train.py:219][0m Steps 2620000, Test reward: -20.32072746652462
[32m[06-30 12:41:57 MainThread @star3_train.py:219][0m Steps 2630000, Test reward: -21.46731403359646
[32m[06-30 12:45:27 MainThread @star3_train.py:219][0m Steps 2640000, Test reward: -20.978580962238116
[32m[06-30 12:48:57 MainThread @star3_train.py:219][0m Steps 2650000, Test reward: -20.19739602464753
[32m[06-30 12:52:28 MainThread @star3_train.py:219][0m Steps 2660000, Test reward: -20.76522841165583
[32m[06-30 12:55:59 MainThread @star3_train.py:219][0m Steps 2670000, Test reward: -21.197521955232293
[32m[06-30 12:59:30 MainThread @star3_train.py:219][0m Steps 2680000, Test reward: -20.640505205488846
[32m[06-30 13:03:00 MainThread @star3_train.py:219][0m Steps 2690000, Test reward: -20.188646517557864
[32m[06-30 13:06:30 MainThread @star3_train.py:219][0m Steps 2700000, Test reward: -20.45525661039396
[32m[06-30 13:10:01 MainThread @star3_train.py:219][0m Steps 2710000, Test reward: -19.566768146588515
[32m[06-30 13:13:32 MainThread @star3_train.py:219][0m Steps 2720000, Test reward: -20.81436755251728
[32m[06-30 13:17:02 MainThread @star3_train.py:219][0m Steps 2730000, Test reward: -20.627213235326632
[32m[06-30 13:20:30 MainThread @star3_train.py:219][0m Steps 2740000, Test reward: -20.069187912592398
[32m[06-30 13:23:58 MainThread @star3_train.py:219][0m Steps 2750000, Test reward: -20.87748926103226
[32m[06-30 13:27:27 MainThread @star3_train.py:219][0m Steps 2760000, Test reward: -21.192685371477545
[32m[06-30 13:30:55 MainThread @star3_train.py:219][0m Steps 2770000, Test reward: -20.793538290327724
[32m[06-30 13:34:23 MainThread @star3_train.py:219][0m Steps 2780000, Test reward: -21.156089648507315
[32m[06-30 13:37:52 MainThread @star3_train.py:219][0m Steps 2790000, Test reward: -20.296310009085847
[32m[06-30 13:41:22 MainThread @star3_train.py:219][0m Steps 2800000, Test reward: -20.584449835604353
[32m[06-30 13:44:53 MainThread @star3_train.py:219][0m Steps 2810000, Test reward: -21.059727889769736
[32m[06-30 13:48:23 MainThread @star3_train.py:219][0m Steps 2820000, Test reward: -20.198039061758813
[32m[06-30 13:51:53 MainThread @star3_train.py:219][0m Steps 2830000, Test reward: -20.60016508686243
[32m[06-30 13:55:23 MainThread @star3_train.py:219][0m Steps 2840000, Test reward: -20.69348603738711
[32m[06-30 13:58:53 MainThread @star3_train.py:219][0m Steps 2850000, Test reward: -20.972254964696297
[32m[06-30 14:02:24 MainThread @star3_train.py:219][0m Steps 2860000, Test reward: -20.287547493021464
[32m[06-30 14:05:54 MainThread @star3_train.py:219][0m Steps 2870000, Test reward: -20.6850194818849
[32m[06-30 14:09:24 MainThread @star3_train.py:219][0m Steps 2880000, Test reward: -20.361994760780682
[32m[06-30 14:12:54 MainThread @star3_train.py:219][0m Steps 2890000, Test reward: -20.575563531828585
[32m[06-30 14:16:24 MainThread @star3_train.py:219][0m Steps 2900000, Test reward: -20.414220388089674
[32m[06-30 14:19:54 MainThread @star3_train.py:219][0m Steps 2910000, Test reward: -20.659834174836433
[32m[06-30 14:23:24 MainThread @star3_train.py:219][0m Steps 2920000, Test reward: -20.809517632157927
[32m[06-30 14:26:54 MainThread @star3_train.py:219][0m Steps 2930000, Test reward: -20.453716759566113
[32m[06-30 14:30:25 MainThread @star3_train.py:219][0m Steps 2940000, Test reward: -20.249033858415785
[32m[06-30 14:33:55 MainThread @star3_train.py:219][0m Steps 2950000, Test reward: -20.71560160981385
[32m[06-30 14:37:25 MainThread @star3_train.py:219][0m Steps 2960000, Test reward: -20.711121773699073
[32m[06-30 14:40:55 MainThread @star3_train.py:219][0m Steps 2970000, Test reward: -20.49363392556767
[32m[06-30 14:44:25 MainThread @star3_train.py:219][0m Steps 2980000, Test reward: -20.537626861729805
[32m[06-30 14:47:56 MainThread @star3_train.py:219][0m Steps 2990000, Test reward: -20.933595314857733
[32m[06-30 14:51:26 MainThread @star3_train.py:219][0m Steps 3000000, Test reward: -21.54928171874227
[32m[06-30 14:54:58 MainThread @star3_train.py:219][0m Steps 3010000, Test reward: -20.328937539523434
[32m[06-30 14:58:30 MainThread @star3_train.py:219][0m Steps 3020000, Test reward: -19.968732487308888
[32m[06-30 15:02:01 MainThread @star3_train.py:219][0m Steps 3030000, Test reward: -20.045638386220045
[32m[06-30 15:05:30 MainThread @star3_train.py:219][0m Steps 3040000, Test reward: -20.499512572505836
[32m[06-30 15:08:57 MainThread @star3_train.py:219][0m Steps 3050000, Test reward: -21.605277485886933
[32m[06-30 15:12:25 MainThread @star3_train.py:219][0m Steps 3060000, Test reward: -19.82703304988873
[32m[06-30 15:15:53 MainThread @star3_train.py:219][0m Steps 3070000, Test reward: -20.841122766047746
[32m[06-30 15:19:20 MainThread @star3_train.py:219][0m Steps 3080000, Test reward: -20.27067377616961
[32m[06-30 15:22:48 MainThread @star3_train.py:219][0m Steps 3090000, Test reward: -20.85040813573141
[32m[06-30 15:26:16 MainThread @star3_train.py:219][0m Steps 3100000, Test reward: -20.486472484265445
[32m[06-30 15:29:44 MainThread @star3_train.py:219][0m Steps 3110000, Test reward: -21.299004319281227
[32m[06-30 15:33:12 MainThread @star3_train.py:219][0m Steps 3120000, Test reward: -20.803146428772145
[32m[06-30 15:36:39 MainThread @star3_train.py:219][0m Steps 3130000, Test reward: -20.113533071535766
[32m[06-30 15:40:07 MainThread @star3_train.py:219][0m Steps 3140000, Test reward: -20.568303825881976
[32m[06-30 15:43:35 MainThread @star3_train.py:219][0m Steps 3150000, Test reward: -20.59790564925712
[32m[06-30 15:47:03 MainThread @star3_train.py:219][0m Steps 3160000, Test reward: -20.071638828261705
[32m[06-30 15:50:31 MainThread @star3_train.py:219][0m Steps 3170000, Test reward: -20.552191268543456
[32m[06-30 15:53:59 MainThread @star3_train.py:219][0m Steps 3180000, Test reward: -21.2145578184891
[32m[06-30 15:57:27 MainThread @star3_train.py:219][0m Steps 3190000, Test reward: -20.318014921880003
[32m[06-30 16:00:55 MainThread @star3_train.py:219][0m Steps 3200000, Test reward: -20.80727937025197
[32m[06-30 16:04:23 MainThread @star3_train.py:219][0m Steps 3210000, Test reward: -20.53758556054349
[32m[06-30 16:07:50 MainThread @star3_train.py:219][0m Steps 3220000, Test reward: -20.212236190439928
[32m[06-30 16:11:18 MainThread @star3_train.py:219][0m Steps 3230000, Test reward: -20.856464159061815
[32m[06-30 16:14:46 MainThread @star3_train.py:219][0m Steps 3240000, Test reward: -20.624568955975377
[32m[06-30 16:18:14 MainThread @star3_train.py:219][0m Steps 3250000, Test reward: -20.583976242142207
[32m[06-30 16:21:41 MainThread @star3_train.py:219][0m Steps 3260000, Test reward: -20.80293215438719
[32m[06-30 16:25:09 MainThread @star3_train.py:219][0m Steps 3270000, Test reward: -19.875004132166485
[32m[06-30 16:28:37 MainThread @star3_train.py:219][0m Steps 3280000, Test reward: -20.877591538983996
[32m[06-30 16:32:05 MainThread @star3_train.py:219][0m Steps 3290000, Test reward: -21.216417264505054
[32m[06-30 16:35:33 MainThread @star3_train.py:219][0m Steps 3300000, Test reward: -20.40964324591671
[32m[06-30 16:39:01 MainThread @star3_train.py:219][0m Steps 3310000, Test reward: -21.055736630911206
[32m[06-30 16:42:29 MainThread @star3_train.py:219][0m Steps 3320000, Test reward: -21.257233549517487
[32m[06-30 16:45:57 MainThread @star3_train.py:219][0m Steps 3330000, Test reward: -20.764715118437866
[32m[06-30 16:49:25 MainThread @star3_train.py:219][0m Steps 3340000, Test reward: -20.605388804835464
[32m[06-30 16:52:53 MainThread @star3_train.py:219][0m Steps 3350000, Test reward: -21.056398512289178
[32m[06-30 16:56:21 MainThread @star3_train.py:219][0m Steps 3360000, Test reward: -21.0041537728459
[32m[06-30 16:59:49 MainThread @star3_train.py:219][0m Steps 3370000, Test reward: -20.16597704020925
[32m[06-30 17:03:17 MainThread @star3_train.py:219][0m Steps 3380000, Test reward: -20.497955790058633
[32m[06-30 17:06:45 MainThread @star3_train.py:219][0m Steps 3390000, Test reward: -20.704660307365508
[32m[06-30 17:10:13 MainThread @star3_train.py:219][0m Steps 3400000, Test reward: -20.807091304477343
[32m[06-30 17:13:40 MainThread @star3_train.py:219][0m Steps 3410000, Test reward: -20.65183760209964
[32m[06-30 17:17:08 MainThread @star3_train.py:219][0m Steps 3420000, Test reward: -20.737045400932843
[32m[06-30 17:20:36 MainThread @star3_train.py:219][0m Steps 3430000, Test reward: -21.238763244454677
[32m[06-30 17:24:04 MainThread @star3_train.py:219][0m Steps 3440000, Test reward: -20.661236833411323
[32m[06-30 17:27:32 MainThread @star3_train.py:219][0m Steps 3450000, Test reward: -19.98665647729474
[32m[06-30 17:30:59 MainThread @star3_train.py:219][0m Steps 3460000, Test reward: -20.623439690833315
[32m[06-30 17:34:27 MainThread @star3_train.py:219][0m Steps 3470000, Test reward: -19.8458805588032
[32m[06-30 17:37:55 MainThread @star3_train.py:219][0m Steps 3480000, Test reward: -20.699279071242664
[32m[06-30 17:41:23 MainThread @star3_train.py:219][0m Steps 3490000, Test reward: -20.996806331118314
[32m[06-30 17:44:51 MainThread @star3_train.py:219][0m Steps 3500000, Test reward: -20.467734377184826
[32m[06-30 17:48:19 MainThread @star3_train.py:219][0m Steps 3510000, Test reward: -20.89148730338137
[32m[06-30 17:51:46 MainThread @star3_train.py:219][0m Steps 3520000, Test reward: -21.67821488356677
[32m[06-30 17:55:14 MainThread @star3_train.py:219][0m Steps 3530000, Test reward: -21.254377138736636
[32m[06-30 17:58:42 MainThread @star3_train.py:219][0m Steps 3540000, Test reward: -20.6662920827711
[32m[06-30 18:02:10 MainThread @star3_train.py:219][0m Steps 3550000, Test reward: -19.863344697183646
[32m[06-30 18:05:38 MainThread @star3_train.py:219][0m Steps 3560000, Test reward: -20.456499190102676
[32m[06-30 18:09:06 MainThread @star3_train.py:219][0m Steps 3570000, Test reward: -19.887594876757284
[32m[06-30 18:12:34 MainThread @star3_train.py:219][0m Steps 3580000, Test reward: -20.593307976598947
[32m[06-30 18:16:02 MainThread @star3_train.py:219][0m Steps 3590000, Test reward: -20.14702687900445
[32m[06-30 18:19:30 MainThread @star3_train.py:219][0m Steps 3600000, Test reward: -20.217392542611037
[32m[06-30 18:22:58 MainThread @star3_train.py:219][0m Steps 3610000, Test reward: -20.30152167551841
[32m[06-30 18:26:26 MainThread @star3_train.py:219][0m Steps 3620000, Test reward: -20.510572836034108
[32m[06-30 18:29:53 MainThread @star3_train.py:219][0m Steps 3630000, Test reward: -20.94292283075069
[32m[06-30 18:33:21 MainThread @star3_train.py:219][0m Steps 3640000, Test reward: -20.85614897440401
[32m[06-30 18:36:49 MainThread @star3_train.py:219][0m Steps 3650000, Test reward: -20.472151982537696
[32m[06-30 18:40:17 MainThread @star3_train.py:219][0m Steps 3660000, Test reward: -20.258058002248884
[32m[06-30 18:43:45 MainThread @star3_train.py:219][0m Steps 3670000, Test reward: -21.27842745201675
[32m[06-30 18:47:13 MainThread @star3_train.py:219][0m Steps 3680000, Test reward: -20.987412096983764
[32m[06-30 18:50:41 MainThread @star3_train.py:219][0m Steps 3690000, Test reward: -19.771331355070657
[32m[06-30 18:54:09 MainThread @star3_train.py:219][0m Steps 3700000, Test reward: -21.105923670561452
[32m[06-30 18:57:37 MainThread @star3_train.py:219][0m Steps 3710000, Test reward: -20.03208780763687
[32m[06-30 19:01:05 MainThread @star3_train.py:219][0m Steps 3720000, Test reward: -20.801807776641805
[32m[06-30 19:04:33 MainThread @star3_train.py:219][0m Steps 3730000, Test reward: -20.018432791633124
[32m[06-30 19:08:01 MainThread @star3_train.py:219][0m Steps 3740000, Test reward: -20.60604283521147
[32m[06-30 19:11:29 MainThread @star3_train.py:219][0m Steps 3750000, Test reward: -20.58207154134299
[32m[06-30 19:14:57 MainThread @star3_train.py:219][0m Steps 3760000, Test reward: -20.612199795341148
[32m[06-30 19:18:25 MainThread @star3_train.py:219][0m Steps 3770000, Test reward: -20.564448445561776
[32m[06-30 19:21:53 MainThread @star3_train.py:219][0m Steps 3780000, Test reward: -21.151735729599306
[32m[06-30 19:25:21 MainThread @star3_train.py:219][0m Steps 3790000, Test reward: -20.51934833993247
[32m[06-30 19:28:49 MainThread @star3_train.py:219][0m Steps 3800000, Test reward: -19.795749564133413
[32m[06-30 19:32:17 MainThread @star3_train.py:219][0m Steps 3810000, Test reward: -20.86006359202986
[32m[06-30 19:35:45 MainThread @star3_train.py:219][0m Steps 3820000, Test reward: -20.505067063655073
[32m[06-30 19:39:13 MainThread @star3_train.py:219][0m Steps 3830000, Test reward: -21.100814737588685
[32m[06-30 19:42:41 MainThread @star3_train.py:219][0m Steps 3840000, Test reward: -20.335104434582668
[32m[06-30 19:46:09 MainThread @star3_train.py:219][0m Steps 3850000, Test reward: -20.61833728450251
[32m[06-30 19:49:37 MainThread @star3_train.py:219][0m Steps 3860000, Test reward: -21.261209326805833
[32m[06-30 19:53:06 MainThread @star3_train.py:219][0m Steps 3870000, Test reward: -21.28699840234729
[32m[06-30 19:56:34 MainThread @star3_train.py:219][0m Steps 3880000, Test reward: -20.814619674033473
[32m[06-30 20:00:02 MainThread @star3_train.py:219][0m Steps 3890000, Test reward: -20.94179492228323
[32m[06-30 20:03:30 MainThread @star3_train.py:219][0m Steps 3900000, Test reward: -20.377489270329267
[32m[06-30 20:06:58 MainThread @star3_train.py:219][0m Steps 3910000, Test reward: -20.11214143074091
[32m[06-30 20:10:25 MainThread @star3_train.py:219][0m Steps 3920000, Test reward: -20.767376245582923
[32m[06-30 20:13:53 MainThread @star3_train.py:219][0m Steps 3930000, Test reward: -20.82189812348888
[32m[06-30 20:17:21 MainThread @star3_train.py:219][0m Steps 3940000, Test reward: -20.84348570312455
[32m[06-30 20:20:49 MainThread @star3_train.py:219][0m Steps 3950000, Test reward: -20.571657210388828
[32m[06-30 20:24:17 MainThread @star3_train.py:219][0m Steps 3960000, Test reward: -20.390586960462475
[32m[06-30 20:27:45 MainThread @star3_train.py:219][0m Steps 3970000, Test reward: -21.221337856189123
[32m[06-30 20:31:13 MainThread @star3_train.py:219][0m Steps 3980000, Test reward: -20.47059656124622
[32m[06-30 20:34:41 MainThread @star3_train.py:219][0m Steps 3990000, Test reward: -20.222500901567194
[32m[06-30 20:38:09 MainThread @star3_train.py:219][0m Steps 4000000, Test reward: -20.53867337452761
[32m[06-30 20:41:37 MainThread @star3_train.py:219][0m Steps 4010000, Test reward: -20.336591520286355
[32m[06-30 20:45:04 MainThread @star3_train.py:219][0m Steps 4020000, Test reward: -20.518781067047104
[32m[06-30 20:48:32 MainThread @star3_train.py:219][0m Steps 4030000, Test reward: -21.535937815411064
[32m[06-30 20:52:00 MainThread @star3_train.py:219][0m Steps 4040000, Test reward: -20.799595206266638
[32m[06-30 20:55:35 MainThread @star3_train.py:219][0m Steps 4050000, Test reward: -21.35866147547736
[32m[06-30 20:59:12 MainThread @star3_train.py:219][0m Steps 4060000, Test reward: -20.899250624764363
[32m[06-30 21:02:52 MainThread @star3_train.py:219][0m Steps 4070000, Test reward: -21.487493480477404
[32m[06-30 21:06:29 MainThread @star3_train.py:219][0m Steps 4080000, Test reward: -20.646147183711555
[32m[06-30 21:10:05 MainThread @star3_train.py:219][0m Steps 4090000, Test reward: -20.8963466397255
[32m[06-30 21:13:39 MainThread @star3_train.py:219][0m Steps 4100000, Test reward: -20.639757892998734
[32m[06-30 21:17:10 MainThread @star3_train.py:219][0m Steps 4110000, Test reward: -20.394370734026406
[32m[06-30 21:20:42 MainThread @star3_train.py:219][0m Steps 4120000, Test reward: -20.76368204532994
[32m[06-30 21:24:13 MainThread @star3_train.py:219][0m Steps 4130000, Test reward: -20.607494151650833
[32m[06-30 21:27:41 MainThread @star3_train.py:219][0m Steps 4140000, Test reward: -21.476294327054397
[32m[06-30 21:31:12 MainThread @star3_train.py:219][0m Steps 4150000, Test reward: -21.313008071512122
[32m[06-30 21:34:44 MainThread @star3_train.py:219][0m Steps 4160000, Test reward: -19.957356947396
[32m[06-30 21:38:16 MainThread @star3_train.py:219][0m Steps 4170000, Test reward: -20.477700974619772
[32m[06-30 21:41:48 MainThread @star3_train.py:219][0m Steps 4180000, Test reward: -20.61776984640549
[32m[06-30 21:45:20 MainThread @star3_train.py:219][0m Steps 4190000, Test reward: -20.270977504714278
[32m[06-30 21:48:51 MainThread @star3_train.py:219][0m Steps 4200000, Test reward: -20.797683875905598
[32m[06-30 21:52:25 MainThread @star3_train.py:219][0m Steps 4210000, Test reward: -20.979856638693125
[32m[06-30 21:55:57 MainThread @star3_train.py:219][0m Steps 4220000, Test reward: -20.404848372661185
[32m[06-30 21:59:29 MainThread @star3_train.py:219][0m Steps 4230000, Test reward: -20.146365953950394
[32m[06-30 22:03:02 MainThread @star3_train.py:219][0m Steps 4240000, Test reward: -20.897808784724333
[32m[06-30 22:06:35 MainThread @star3_train.py:219][0m Steps 4250000, Test reward: -20.233252452838215
[32m[06-30 22:10:08 MainThread @star3_train.py:219][0m Steps 4260000, Test reward: -20.509560099625574
[32m[06-30 22:13:42 MainThread @star3_train.py:219][0m Steps 4270000, Test reward: -21.982788946145234
[32m[06-30 22:17:11 MainThread @star3_train.py:219][0m Steps 4280000, Test reward: -20.41613242884927
[32m[06-30 22:20:40 MainThread @star3_train.py:219][0m Steps 4290000, Test reward: -20.380972960436203
[32m[06-30 22:24:10 MainThread @star3_train.py:219][0m Steps 4300000, Test reward: -20.134643152988826
[32m[06-30 22:27:39 MainThread @star3_train.py:219][0m Steps 4310000, Test reward: -19.88025156562341
[32m[06-30 22:31:08 MainThread @star3_train.py:219][0m Steps 4320000, Test reward: -21.318279030830787
[32m[06-30 22:34:38 MainThread @star3_train.py:219][0m Steps 4330000, Test reward: -20.342819711072178
[32m[06-30 22:38:07 MainThread @star3_train.py:219][0m Steps 4340000, Test reward: -21.20572964100765
[32m[06-30 22:41:36 MainThread @star3_train.py:219][0m Steps 4350000, Test reward: -20.20668362434114
[32m[06-30 22:45:06 MainThread @star3_train.py:219][0m Steps 4360000, Test reward: -20.090189531089262
[32m[06-30 22:48:35 MainThread @star3_train.py:219][0m Steps 4370000, Test reward: -20.436008727374862
[32m[06-30 22:52:05 MainThread @star3_train.py:219][0m Steps 4380000, Test reward: -20.407166044802516
[32m[06-30 22:55:35 MainThread @star3_train.py:219][0m Steps 4390000, Test reward: -21.195388428721976
[32m[06-30 22:59:04 MainThread @star3_train.py:219][0m Steps 4400000, Test reward: -21.090307492351897
[32m[06-30 23:02:33 MainThread @star3_train.py:219][0m Steps 4410000, Test reward: -21.129692225926252
